<?xml version="1.0" encoding="UTF-8"?>
<!-- Generated by org.testng.reporters.JUnitXMLReporter -->
<testsuite hostname="DESKTOP-T81UTAF" ignored="0" name="Test(failed)" tests="1" failures="1" timestamp="2022-08-20T13:15:39 IST" time="0.047" errors="0">
  <testcase name="methode2" time="0.0" classname="testNGpack.sumo">
    <failure type="java.lang.ArithmeticException" message="/ by zero">
      <![CDATA[java.lang.ArithmeticException: / by zero
at testNGpack.sumo.methode2(sumo.java:10)
at java.util.ArrayList.forEach(Unknown Source)
... Removed 27 stack frames]]>
    </failure>
  </testcase> <!-- methode2 -->
</testsuite> <!-- Test(failed) -->
