<?xml version="1.0" encoding="UTF-8"?>
<!-- Generated by org.testng.reporters.JUnitReportReporter -->
<testsuite skipped="0" hostname="DESKTOP-T81UTAF" name="testNGpack.Flag7invocation" tests="5000" failures="0" timestamp="2022-08-24T20:48:12 IST" time="5.542" errors="0">
  <testcase name="f" time="0.000" classname="testNGpack.Flag7invocation"/>
  <system-out>
    <![CDATA[gabgka]]>
  </system-out>
  <testcase name="f" time="0.000" classname="testNGpack.Flag7invocation"/>
  <system-out>
    <![CDATA[gabgka]]>
  </system-out>
  <testcase name="f" time="0.000" classname="testNGpack.Flag7invocation"/>
  <system-out>
    <![CDATA[gabgka]]>
  </system-out>
  <testcase name="f" time="0.000" classname="testNGpack.Flag7invocation"/>
  <system-out>
    <![CDATA[gabgka]]>
  </system-out>
  <testcase name="f" time="0.000" classname="testNGpack.Flag7invocation"/>
  <system-out>
    <![CDATA[gabgka]]>
  </system-out>
  <testcase name="f" time="0.000" classname="testNGpack.Flag7invocation"/>
  <system-out>
    <![CDATA[gabgka]]>
  </system-out>
  <testcase name="f" time="0.000" classname="testNGpack.Flag7invocation"/>
  <system-out>
    <![CDATA[gabgka]]>
  </system-out>
  <testcase name="f" time="0.000" classname="testNGpack.Flag7invocation"/>
  <system-out>
    <![CDATA[gabgka]]>
  </system-out>
  <testcase name="f" time="0.000" classname="testNGpack.Flag7invocation"/>
  <system-out>
    <![CDATA[gabgka]]>
  </system-out>
  <testcase name="f" time="0.000" classname="testNGpack.Flag7invocation"/>
  <system-out>
    <![CDATA[gabgka]]>
  </system-out>
  <testcase name="f" time="0.000" classname="testNGpack.Flag7invocation"/>
  <system-out>
    <![CDATA[gabgka]]>
  </system-out>
  <testcase name="f" time="0.000" classname="testNGpack.Flag7invocation"/>
  <system-out>
    <![CDATA[gabgka]]>
  </system-out>
  <testcase name="f" time="0.000" classname="testNGpack.Flag7invocation"/>
  <system-out>
    <![CDATA[gabgka]]>
  </system-out>
  <testcase name="f" time="0.000" classname="testNGpack.Flag7invocation"/>
  <system-out>
    <![CDATA[gabgka]]>
  </system-out>
  <testcase name="f" time="0.000" classname="testNGpack.Flag7invocation"/>
  <system-out>
    <![CDATA[gabgka]]>
  </system-out>
  <testcase name="f" time="0.000" classname="testNGpack.Flag7invocation"/>
  <system-out>
    <![CDATA[gabgka]]>
  </system-out>
  <testcase name="f" time="0.000" classname="testNGpack.Flag7invocation"/>
  <system-out>
    <![CDATA[gabgka]]>
  </system-out>
  <testcase name="f" time="0.000" classname="testNGpack.Flag7invocation"/>
  <system-out>
    <![CDATA[gabgka]]>
  </system-out>
  <testcase name="f" time="0.000" classname="testNGpack.Flag7invocation"/>
  <system-out>
    <![CDATA[gabgka]]>
  </system-out>
  <testcase name="f" time="0.000" classname="testNGpack.Flag7invocation"/>
  <system-out>
    <![CDATA[gabgka]]>
  </system-out>
  <testcase name="f" time="0.000" classname="testNGpack.Flag7invocation"/>
  <system-out>
    <![CDATA[gabgka]]>
  </system-out>
  <testcase name="f" time="0.000" classname="testNGpack.Flag7invocation"/>
  <system-out>
    <![CDATA[gabgka]]>
  </system-out>
  <testcase name="f" time="0.000" classname="testNGpack.Flag7invocation"/>
  <system-out>
    <![CDATA[gabgka]]>
  </system-out>
  <testcase name="f" time="0.000" classname="testNGpack.Flag7invocation"/>
  <system-out>
    <![CDATA[gabgka]]>
  </system-out>
  <testcase name="f" time="0.000" classname="testNGpack.Flag7invocation"/>
  <system-out>
    <![CDATA[gabgka]]>
  </system-out>
  <testcase name="f" time="0.000" classname="testNGpack.Flag7invocation"/>
  <system-out>
    <![CDATA[gabgka]]>
  </system-out>
  <testcase name="f" time="0.000" classname="testNGpack.Flag7invocation"/>
  <system-out>
    <![CDATA[gabgka]]>
  </system-out>
  <testcase name="f" time="0.000" classname="testNGpack.Flag7invocation"/>
  <system-out>
    <![CDATA[gabgka]]>
  </system-out>
  <testcase name="f" time="0.000" classname="testNGpack.Flag7invocation"/>
  <system-out>
    <![CDATA[gabgka]]>
  </system-out>
  <testcase name="f" time="0.000" classname="testNGpack.Flag7invocation"/>
  <system-out>
    <![CDATA[gabgka]]>
  </system-out>
  <testcase name="f" time="0.000" classname="testNGpack.Flag7invocation"/>
  <system-out>
    <![CDATA[gabgka]]>
  </system-out>
  <testcase name="f" time="0.000" classname="testNGpack.Flag7invocation"/>
  <system-out>
    <![CDATA[gabgka]]>
  </system-out>
  <testcase name="f" time="0.000" classname="testNGpack.Flag7invocation"/>
  <system-out>
    <![CDATA[gabgka]]>
  </system-out>
  <testcase name="f" time="0.000" classname="testNGpack.Flag7invocation"/>
  <system-out>
    <![CDATA[gabgka]]>
  </system-out>
  <testcase name="f" time="0.000" classname="testNGpack.Flag7invocation"/>
  <system-out>
    <![CDATA[gabgka]]>
  </system-out>
  <testcase name="f" time="0.000" classname="testNGpack.Flag7invocation"/>
  <system-out>
    <![CDATA[gabgka]]>
  </system-out>
  <testcase name="f" time="0.000" classname="testNGpack.Flag7invocation"/>
  <system-out>
    <![CDATA[gabgka]]>
  </system-out>
  <testcase name="f" time="0.000" classname="testNGpack.Flag7invocation"/>
  <system-out>
    <![CDATA[gabgka]]>
  </system-out>
  <testcase name="f" time="0.000" classname="testNGpack.Flag7invocation"/>
  <system-out>
    <![CDATA[gabgka]]>
  </system-out>
  <testcase name="f" time="0.000" classname="testNGpack.Flag7invocation"/>
  <system-out>
    <![CDATA[gabgka]]>
  </system-out>
  <testcase name="f" time="0.000" classname="testNGpack.Flag7invocation"/>
  <system-out>
    <![CDATA[gabgka]]>
  </system-out>
  <testcase name="f" time="0.000" classname="testNGpack.Flag7invocation"/>
  <system-out>
    <![CDATA[gabgka]]>
  </system-out>
  <testcase name="f" time="0.000" classname="testNGpack.Flag7invocation"/>
  <system-out>
    <![CDATA[gabgka]]>
  </system-out>
  <testcase name="f" time="0.000" classname="testNGpack.Flag7invocation"/>
  <system-out>
    <![CDATA[gabgka]]>
  </system-out>
  <testcase name="f" time="0.000" classname="testNGpack.Flag7invocation"/>
  <system-out>
    <![CDATA[gabgka]]>
  </system-out>
  <testcase name="f" time="0.000" classname="testNGpack.Flag7invocation"/>
  <system-out>
    <![CDATA[gabgka]]>
  </system-out>
  <testcase name="f" time="0.000" classname="testNGpack.Flag7invocation"/>
  <system-out>
    <![CDATA[gabgka]]>
  </system-out>
  <testcase name="f" time="0.000" classname="testNGpack.Flag7invocation"/>
  <system-out>
    <![CDATA[gabgka]]>
  </system-out>
  <testcase name="f" time="0.000" classname="testNGpack.Flag7invocation"/>
  <system-out>
    <![CDATA[gabgka]]>
  </system-out>
  <testcase name="f" time="0.000" classname="testNGpack.Flag7invocation"/>
  <system-out>
    <![CDATA[gabgka]]>
  </system-out>
  <testcase name="f" time="0.000" classname="testNGpack.Flag7invocation"/>
  <system-out>
    <![CDATA[gabgka]]>
  </system-out>
  <testcase name="f" time="0.000" classname="testNGpack.Flag7invocation"/>
  <system-out>
    <![CDATA[gabgka]]>
  </system-out>
  <testcase name="f" time="0.000" classname="testNGpack.Flag7invocation"/>
  <system-out>
    <![CDATA[gabgka]]>
  </system-out>
  <testcase name="f" time="0.000" classname="testNGpack.Flag7invocation"/>
  <system-out>
    <![CDATA[gabgka]]>
  </system-out>
  <testcase name="f" time="0.000" classname="testNGpack.Flag7invocation"/>
  <system-out>
    <![CDATA[gabgka]]>
  </system-out>
  <testcase name="f" time="0.000" classname="testNGpack.Flag7invocation"/>
  <system-out>
    <![CDATA[gabgka]]>
  </system-out>
  <testcase name="f" time="0.000" classname="testNGpack.Flag7invocation"/>
  <system-out>
    <![CDATA[gabgka]]>
  </system-out>
  <testcase name="f" time="0.000" classname="testNGpack.Flag7invocation"/>
  <system-out>
    <![CDATA[gabgka]]>
  </system-out>
  <testcase name="f" time="0.000" classname="testNGpack.Flag7invocation"/>
  <system-out>
    <![CDATA[gabgka]]>
  </system-out>
  <testcase name="f" time="0.000" classname="testNGpack.Flag7invocation"/>
  <system-out>
    <![CDATA[gabgka]]>
  </system-out>
  <testcase name="f" time="0.000" classname="testNGpack.Flag7invocation"/>
  <system-out>
    <![CDATA[gabgka]]>
  </system-out>
  <testcase name="f" time="0.000" classname="testNGpack.Flag7invocation"/>
  <system-out>
    <![CDATA[gabgka]]>
  </system-out>
  <testcase name="f" time="0.001" classname="testNGpack.Flag7invocation"/>
  <system-out>
    <![CDATA[gabgka]]>
  </system-out>
  <testcase name="f" time="0.000" classname="testNGpack.Flag7invocation"/>
  <system-out>
    <![CDATA[gabgka]]>
  </system-out>
  <testcase name="f" time="0.000" classname="testNGpack.Flag7invocation"/>
  <system-out>
    <![CDATA[gabgka]]>
  </system-out>
  <testcase name="f" time="0.000" classname="testNGpack.Flag7invocation"/>
  <system-out>
    <![CDATA[gabgka]]>
  </system-out>
  <testcase name="f" time="0.000" classname="testNGpack.Flag7invocation"/>
  <system-out>
    <![CDATA[gabgka]]>
  </system-out>
  <testcase name="f" time="0.000" classname="testNGpack.Flag7invocation"/>
  <system-out>
    <![CDATA[gabgka]]>
  </system-out>
  <testcase name="f" time="0.000" classname="testNGpack.Flag7invocation"/>
  <system-out>
    <![CDATA[gabgka]]>
  </system-out>
  <testcase name="f" time="0.000" classname="testNGpack.Flag7invocation"/>
  <system-out>
    <![CDATA[gabgka]]>
  </system-out>
  <testcase name="f" time="0.000" classname="testNGpack.Flag7invocation"/>
  <system-out>
    <![CDATA[gabgka]]>
  </system-out>
  <testcase name="f" time="0.000" classname="testNGpack.Flag7invocation"/>
  <system-out>
    <![CDATA[gabgka]]>
  </system-out>
  <testcase name="f" time="0.001" classname="testNGpack.Flag7invocation"/>
  <system-out>
    <![CDATA[gabgka]]>
  </system-out>
  <testcase name="f" time="0.000" classname="testNGpack.Flag7invocation"/>
  <system-out>
    <![CDATA[gabgka]]>
  </system-out>
  <testcase name="f" time="0.000" classname="testNGpack.Flag7invocation"/>
  <system-out>
    <![CDATA[gabgka]]>
  </system-out>
  <testcase name="f" time="0.000" classname="testNGpack.Flag7invocation"/>
  <system-out>
    <![CDATA[gabgka]]>
  </system-out>
  <testcase name="f" time="0.000" classname="testNGpack.Flag7invocation"/>
  <system-out>
    <![CDATA[gabgka]]>
  </system-out>
  <testcase name="f" time="0.000" classname="testNGpack.Flag7invocation"/>
  <system-out>
    <![CDATA[gabgka]]>
  </system-out>
  <testcase name="f" time="0.000" classname="testNGpack.Flag7invocation"/>
  <system-out>
    <![CDATA[gabgka]]>
  </system-out>
  <testcase name="f" time="0.000" classname="testNGpack.Flag7invocation"/>
  <system-out>
    <![CDATA[gabgka]]>
  </system-out>
  <testcase name="f" time="0.000" classname="testNGpack.Flag7invocation"/>
  <system-out>
    <![CDATA[gabgka]]>
  </system-out>
  <testcase name="f" time="0.000" classname="testNGpack.Flag7invocation"/>
  <system-out>
    <![CDATA[gabgka]]>
  </system-out>
  <testcase name="f" time="0.000" classname="testNGpack.Flag7invocation"/>
  <system-out>
    <![CDATA[gabgka]]>
  </system-out>
  <testcase name="f" time="0.000" classname="testNGpack.Flag7invocation"/>
  <system-out>
    <![CDATA[gabgka]]>
  </system-out>
  <testcase name="f" time="0.000" classname="testNGpack.Flag7invocation"/>
  <system-out>
    <![CDATA[gabgka]]>
  </system-out>
  <testcase name="f" time="0.000" classname="testNGpack.Flag7invocation"/>
  <system-out>
    <![CDATA[gabgka]]>
  </system-out>
  <testcase name="f" time="0.000" classname="testNGpack.Flag7invocation"/>
  <system-out>
    <![CDATA[gabgka]]>
  </system-out>
  <testcase name="f" time="0.000" classname="testNGpack.Flag7invocation"/>
  <system-out>
    <![CDATA[gabgka]]>
  </system-out>
  <testcase name="f" time="0.000" classname="testNGpack.Flag7invocation"/>
  <system-out>
    <![CDATA[gabgka]]>
  </system-out>
  <testcase name="f" time="0.000" classname="testNGpack.Flag7invocation"/>
  <system-out>
    <![CDATA[gabgka]]>
  </system-out>
  <testcase name="f" time="0.000" classname="testNGpack.Flag7invocation"/>
  <system-out>
    <![CDATA[gabgka]]>
  </system-out>
  <testcase name="f" time="0.000" classname="testNGpack.Flag7invocation"/>
  <system-out>
    <![CDATA[gabgka]]>
  </system-out>
  <testcase name="f" time="0.000" classname="testNGpack.Flag7invocation"/>
  <system-out>
    <![CDATA[gabgka]]>
  </system-out>
  <testcase name="f" time="0.000" classname="testNGpack.Flag7invocation"/>
  <system-out>
    <![CDATA[gabgka]]>
  </system-out>
  <testcase name="f" time="0.008" classname="testNGpack.Flag7invocation"/>
  <system-out>
    <![CDATA[gabgka]]>
  </system-out>
  <testcase name="f" time="0.000" classname="testNGpack.Flag7invocation"/>
  <system-out>
    <![CDATA[gabgka]]>
  </system-out>
  <testcase name="f" time="0.000" classname="testNGpack.Flag7invocation"/>
  <system-out>
    <![CDATA[gabgka]]>
  </system-out>
  <testcase name="f" time="0.000" classname="testNGpack.Flag7invocation"/>
  <system-out>
    <![CDATA[gabgka]]>
  </system-out>
  <testcase name="f" time="0.000" classname="testNGpack.Flag7invocation"/>
  <system-out>
    <![CDATA[gabgka]]>
  </system-out>
  <testcase name="f" time="0.000" classname="testNGpack.Flag7invocation"/>
  <system-out>
    <![CDATA[gabgka]]>
  </system-out>
  <testcase name="f" time="0.000" classname="testNGpack.Flag7invocation"/>
  <system-out>
    <![CDATA[gabgka]]>
  </system-out>
  <testcase name="f" time="0.000" classname="testNGpack.Flag7invocation"/>
  <system-out>
    <![CDATA[gabgka]]>
  </system-out>
  <testcase name="f" time="0.000" classname="testNGpack.Flag7invocation"/>
  <system-out>
    <![CDATA[gabgka]]>
  </system-out>
  <testcase name="f" time="0.000" classname="testNGpack.Flag7invocation"/>
  <system-out>
    <![CDATA[gabgka]]>
  </system-out>
  <testcase name="f" time="0.000" classname="testNGpack.Flag7invocation"/>
  <system-out>
    <![CDATA[gabgka]]>
  </system-out>
  <testcase name="f" time="0.000" classname="testNGpack.Flag7invocation"/>
  <system-out>
    <![CDATA[gabgka]]>
  </system-out>
  <testcase name="f" time="0.000" classname="testNGpack.Flag7invocation"/>
  <system-out>
    <![CDATA[gabgka]]>
  </system-out>
  <testcase name="f" time="0.001" classname="testNGpack.Flag7invocation"/>
  <system-out>
    <![CDATA[gabgka]]>
  </system-out>
  <testcase name="f" time="0.000" classname="testNGpack.Flag7invocation"/>
  <system-out>
    <![CDATA[gabgka]]>
  </system-out>
  <testcase name="f" time="0.000" classname="testNGpack.Flag7invocation"/>
  <system-out>
    <![CDATA[gabgka]]>
  </system-out>
  <testcase name="f" time="0.000" classname="testNGpack.Flag7invocation"/>
  <system-out>
    <![CDATA[gabgka]]>
  </system-out>
  <testcase name="f" time="0.000" classname="testNGpack.Flag7invocation"/>
  <system-out>
    <![CDATA[gabgka]]>
  </system-out>
  <testcase name="f" time="0.000" classname="testNGpack.Flag7invocation"/>
  <system-out>
    <![CDATA[gabgka]]>
  </system-out>
  <testcase name="f" time="0.000" classname="testNGpack.Flag7invocation"/>
  <system-out>
    <![CDATA[gabgka]]>
  </system-out>
  <testcase name="f" time="0.000" classname="testNGpack.Flag7invocation"/>
  <system-out>
    <![CDATA[gabgka]]>
  </system-out>
  <testcase name="f" time="0.000" classname="testNGpack.Flag7invocation"/>
  <system-out>
    <![CDATA[gabgka]]>
  </system-out>
  <testcase name="f" time="0.000" classname="testNGpack.Flag7invocation"/>
  <system-out>
    <![CDATA[gabgka]]>
  </system-out>
  <testcase name="f" time="0.000" classname="testNGpack.Flag7invocation"/>
  <system-out>
    <![CDATA[gabgka]]>
  </system-out>
  <testcase name="f" time="0.000" classname="testNGpack.Flag7invocation"/>
  <system-out>
    <![CDATA[gabgka]]>
  </system-out>
  <testcase name="f" time="0.000" classname="testNGpack.Flag7invocation"/>
  <system-out>
    <![CDATA[gabgka]]>
  </system-out>
  <testcase name="f" time="0.000" classname="testNGpack.Flag7invocation"/>
  <system-out>
    <![CDATA[gabgka]]>
  </system-out>
  <testcase name="f" time="0.015" classname="testNGpack.Flag7invocation"/>
  <system-out>
    <![CDATA[gabgka]]>
  </system-out>
  <testcase name="f" time="0.000" classname="testNGpack.Flag7invocation"/>
  <system-out>
    <![CDATA[gabgka]]>
  </system-out>
  <testcase name="f" time="0.000" classname="testNGpack.Flag7invocation"/>
  <system-out>
    <![CDATA[gabgka]]>
  </system-out>
  <testcase name="f" time="0.000" classname="testNGpack.Flag7invocation"/>
  <system-out>
    <![CDATA[gabgka]]>
  </system-out>
  <testcase name="f" time="0.000" classname="testNGpack.Flag7invocation"/>
  <system-out>
    <![CDATA[gabgka]]>
  </system-out>
  <testcase name="f" time="0.000" classname="testNGpack.Flag7invocation"/>
  <system-out>
    <![CDATA[gabgka]]>
  </system-out>
  <testcase name="f" time="0.000" classname="testNGpack.Flag7invocation"/>
  <system-out>
    <![CDATA[gabgka]]>
  </system-out>
  <testcase name="f" time="0.000" classname="testNGpack.Flag7invocation"/>
  <system-out>
    <![CDATA[gabgka]]>
  </system-out>
  <testcase name="f" time="0.000" classname="testNGpack.Flag7invocation"/>
  <system-out>
    <![CDATA[gabgka]]>
  </system-out>
  <testcase name="f" time="0.000" classname="testNGpack.Flag7invocation"/>
  <system-out>
    <![CDATA[gabgka]]>
  </system-out>
  <testcase name="f" time="0.000" classname="testNGpack.Flag7invocation"/>
  <system-out>
    <![CDATA[gabgka]]>
  </system-out>
  <testcase name="f" time="0.000" classname="testNGpack.Flag7invocation"/>
  <system-out>
    <![CDATA[gabgka]]>
  </system-out>
  <testcase name="f" time="0.000" classname="testNGpack.Flag7invocation"/>
  <system-out>
    <![CDATA[gabgka]]>
  </system-out>
  <testcase name="f" time="0.004" classname="testNGpack.Flag7invocation"/>
  <system-out>
    <![CDATA[gabgka]]>
  </system-out>
  <testcase name="f" time="0.000" classname="testNGpack.Flag7invocation"/>
  <system-out>
    <![CDATA[gabgka]]>
  </system-out>
  <testcase name="f" time="0.000" classname="testNGpack.Flag7invocation"/>
  <system-out>
    <![CDATA[gabgka]]>
  </system-out>
  <testcase name="f" time="0.000" classname="testNGpack.Flag7invocation"/>
  <system-out>
    <![CDATA[gabgka]]>
  </system-out>
  <testcase name="f" time="0.000" classname="testNGpack.Flag7invocation"/>
  <system-out>
    <![CDATA[gabgka]]>
  </system-out>
  <testcase name="f" time="0.000" classname="testNGpack.Flag7invocation"/>
  <system-out>
    <![CDATA[gabgka]]>
  </system-out>
  <testcase name="f" time="0.000" classname="testNGpack.Flag7invocation"/>
  <system-out>
    <![CDATA[gabgka]]>
  </system-out>
  <testcase name="f" time="0.000" classname="testNGpack.Flag7invocation"/>
  <system-out>
    <![CDATA[gabgka]]>
  </system-out>
  <testcase name="f" time="0.000" classname="testNGpack.Flag7invocation"/>
  <system-out>
    <![CDATA[gabgka]]>
  </system-out>
  <testcase name="f" time="0.000" classname="testNGpack.Flag7invocation"/>
  <system-out>
    <![CDATA[gabgka]]>
  </system-out>
  <testcase name="f" time="0.000" classname="testNGpack.Flag7invocation"/>
  <system-out>
    <![CDATA[gabgka]]>
  </system-out>
  <testcase name="f" time="0.000" classname="testNGpack.Flag7invocation"/>
  <system-out>
    <![CDATA[gabgka]]>
  </system-out>
  <testcase name="f" time="0.000" classname="testNGpack.Flag7invocation"/>
  <system-out>
    <![CDATA[gabgka]]>
  </system-out>
  <testcase name="f" time="0.000" classname="testNGpack.Flag7invocation"/>
  <system-out>
    <![CDATA[gabgka]]>
  </system-out>
  <testcase name="f" time="0.000" classname="testNGpack.Flag7invocation"/>
  <system-out>
    <![CDATA[gabgka]]>
  </system-out>
  <testcase name="f" time="0.000" classname="testNGpack.Flag7invocation"/>
  <system-out>
    <![CDATA[gabgka]]>
  </system-out>
  <testcase name="f" time="0.000" classname="testNGpack.Flag7invocation"/>
  <system-out>
    <![CDATA[gabgka]]>
  </system-out>
  <testcase name="f" time="0.000" classname="testNGpack.Flag7invocation"/>
  <system-out>
    <![CDATA[gabgka]]>
  </system-out>
  <testcase name="f" time="0.000" classname="testNGpack.Flag7invocation"/>
  <system-out>
    <![CDATA[gabgka]]>
  </system-out>
  <testcase name="f" time="0.000" classname="testNGpack.Flag7invocation"/>
  <system-out>
    <![CDATA[gabgka]]>
  </system-out>
  <testcase name="f" time="0.000" classname="testNGpack.Flag7invocation"/>
  <system-out>
    <![CDATA[gabgka]]>
  </system-out>
  <testcase name="f" time="0.000" classname="testNGpack.Flag7invocation"/>
  <system-out>
    <![CDATA[gabgka]]>
  </system-out>
  <testcase name="f" time="0.000" classname="testNGpack.Flag7invocation"/>
  <system-out>
    <![CDATA[gabgka]]>
  </system-out>
  <testcase name="f" time="0.000" classname="testNGpack.Flag7invocation"/>
  <system-out>
    <![CDATA[gabgka]]>
  </system-out>
  <testcase name="f" time="0.000" classname="testNGpack.Flag7invocation"/>
  <system-out>
    <![CDATA[gabgka]]>
  </system-out>
  <testcase name="f" time="0.000" classname="testNGpack.Flag7invocation"/>
  <system-out>
    <![CDATA[gabgka]]>
  </system-out>
  <testcase name="f" time="0.000" classname="testNGpack.Flag7invocation"/>
  <system-out>
    <![CDATA[gabgka]]>
  </system-out>
  <testcase name="f" time="0.000" classname="testNGpack.Flag7invocation"/>
  <system-out>
    <![CDATA[gabgka]]>
  </system-out>
  <testcase name="f" time="0.000" classname="testNGpack.Flag7invocation"/>
  <system-out>
    <![CDATA[gabgka]]>
  </system-out>
  <testcase name="f" time="0.000" classname="testNGpack.Flag7invocation"/>
  <system-out>
    <![CDATA[gabgka]]>
  </system-out>
  <testcase name="f" time="0.000" classname="testNGpack.Flag7invocation"/>
  <system-out>
    <![CDATA[gabgka]]>
  </system-out>
  <testcase name="f" time="0.000" classname="testNGpack.Flag7invocation"/>
  <system-out>
    <![CDATA[gabgka]]>
  </system-out>
  <testcase name="f" time="0.000" classname="testNGpack.Flag7invocation"/>
  <system-out>
    <![CDATA[gabgka]]>
  </system-out>
  <testcase name="f" time="0.001" classname="testNGpack.Flag7invocation"/>
  <system-out>
    <![CDATA[gabgka]]>
  </system-out>
  <testcase name="f" time="0.000" classname="testNGpack.Flag7invocation"/>
  <system-out>
    <![CDATA[gabgka]]>
  </system-out>
  <testcase name="f" time="0.000" classname="testNGpack.Flag7invocation"/>
  <system-out>
    <![CDATA[gabgka]]>
  </system-out>
  <testcase name="f" time="0.000" classname="testNGpack.Flag7invocation"/>
  <system-out>
    <![CDATA[gabgka]]>
  </system-out>
  <testcase name="f" time="0.000" classname="testNGpack.Flag7invocation"/>
  <system-out>
    <![CDATA[gabgka]]>
  </system-out>
  <testcase name="f" time="0.000" classname="testNGpack.Flag7invocation"/>
  <system-out>
    <![CDATA[gabgka]]>
  </system-out>
  <testcase name="f" time="0.000" classname="testNGpack.Flag7invocation"/>
  <system-out>
    <![CDATA[gabgka]]>
  </system-out>
  <testcase name="f" time="0.000" classname="testNGpack.Flag7invocation"/>
  <system-out>
    <![CDATA[gabgka]]>
  </system-out>
  <testcase name="f" time="0.000" classname="testNGpack.Flag7invocation"/>
  <system-out>
    <![CDATA[gabgka]]>
  </system-out>
  <testcase name="f" time="0.000" classname="testNGpack.Flag7invocation"/>
  <system-out>
    <![CDATA[gabgka]]>
  </system-out>
  <testcase name="f" time="0.000" classname="testNGpack.Flag7invocation"/>
  <system-out>
    <![CDATA[gabgka]]>
  </system-out>
  <testcase name="f" time="0.000" classname="testNGpack.Flag7invocation"/>
  <system-out>
    <![CDATA[gabgka]]>
  </system-out>
  <testcase name="f" time="0.000" classname="testNGpack.Flag7invocation"/>
  <system-out>
    <![CDATA[gabgka]]>
  </system-out>
  <testcase name="f" time="0.000" classname="testNGpack.Flag7invocation"/>
  <system-out>
    <![CDATA[gabgka]]>
  </system-out>
  <testcase name="f" time="0.000" classname="testNGpack.Flag7invocation"/>
  <system-out>
    <![CDATA[gabgka]]>
  </system-out>
  <testcase name="f" time="0.000" classname="testNGpack.Flag7invocation"/>
  <system-out>
    <![CDATA[gabgka]]>
  </system-out>
  <testcase name="f" time="0.000" classname="testNGpack.Flag7invocation"/>
  <system-out>
    <![CDATA[gabgka]]>
  </system-out>
  <testcase name="f" time="0.000" classname="testNGpack.Flag7invocation"/>
  <system-out>
    <![CDATA[gabgka]]>
  </system-out>
  <testcase name="f" time="0.000" classname="testNGpack.Flag7invocation"/>
  <system-out>
    <![CDATA[gabgka]]>
  </system-out>
  <testcase name="f" time="0.000" classname="testNGpack.Flag7invocation"/>
  <system-out>
    <![CDATA[gabgka]]>
  </system-out>
  <testcase name="f" time="0.000" classname="testNGpack.Flag7invocation"/>
  <system-out>
    <![CDATA[gabgka]]>
  </system-out>
  <testcase name="f" time="0.000" classname="testNGpack.Flag7invocation"/>
  <system-out>
    <![CDATA[gabgka]]>
  </system-out>
  <testcase name="f" time="0.000" classname="testNGpack.Flag7invocation"/>
  <system-out>
    <![CDATA[gabgka]]>
  </system-out>
  <testcase name="f" time="0.000" classname="testNGpack.Flag7invocation"/>
  <system-out>
    <![CDATA[gabgka]]>
  </system-out>
  <testcase name="f" time="0.000" classname="testNGpack.Flag7invocation"/>
  <system-out>
    <![CDATA[gabgka]]>
  </system-out>
  <testcase name="f" time="0.000" classname="testNGpack.Flag7invocation"/>
  <system-out>
    <![CDATA[gabgka]]>
  </system-out>
  <testcase name="f" time="0.000" classname="testNGpack.Flag7invocation"/>
  <system-out>
    <![CDATA[gabgka]]>
  </system-out>
  <testcase name="f" time="0.000" classname="testNGpack.Flag7invocation"/>
  <system-out>
    <![CDATA[gabgka]]>
  </system-out>
  <testcase name="f" time="0.000" classname="testNGpack.Flag7invocation"/>
  <system-out>
    <![CDATA[gabgka]]>
  </system-out>
  <testcase name="f" time="0.000" classname="testNGpack.Flag7invocation"/>
  <system-out>
    <![CDATA[gabgka]]>
  </system-out>
  <testcase name="f" time="0.000" classname="testNGpack.Flag7invocation"/>
  <system-out>
    <![CDATA[gabgka]]>
  </system-out>
  <testcase name="f" time="0.000" classname="testNGpack.Flag7invocation"/>
  <system-out>
    <![CDATA[gabgka]]>
  </system-out>
  <testcase name="f" time="0.000" classname="testNGpack.Flag7invocation"/>
  <system-out>
    <![CDATA[gabgka]]>
  </system-out>
  <testcase name="f" time="0.000" classname="testNGpack.Flag7invocation"/>
  <system-out>
    <![CDATA[gabgka]]>
  </system-out>
  <testcase name="f" time="0.000" classname="testNGpack.Flag7invocation"/>
  <system-out>
    <![CDATA[gabgka]]>
  </system-out>
  <testcase name="f" time="0.000" classname="testNGpack.Flag7invocation"/>
  <system-out>
    <![CDATA[gabgka]]>
  </system-out>
  <testcase name="f" time="0.000" classname="testNGpack.Flag7invocation"/>
  <system-out>
    <![CDATA[gabgka]]>
  </system-out>
  <testcase name="f" time="0.000" classname="testNGpack.Flag7invocation"/>
  <system-out>
    <![CDATA[gabgka]]>
  </system-out>
  <testcase name="f" time="0.000" classname="testNGpack.Flag7invocation"/>
  <system-out>
    <![CDATA[gabgka]]>
  </system-out>
  <testcase name="f" time="0.000" classname="testNGpack.Flag7invocation"/>
  <system-out>
    <![CDATA[gabgka]]>
  </system-out>
  <testcase name="f" time="0.000" classname="testNGpack.Flag7invocation"/>
  <system-out>
    <![CDATA[gabgka]]>
  </system-out>
  <testcase name="f" time="0.000" classname="testNGpack.Flag7invocation"/>
  <system-out>
    <![CDATA[gabgka]]>
  </system-out>
  <testcase name="f" time="0.001" classname="testNGpack.Flag7invocation"/>
  <system-out>
    <![CDATA[gabgka]]>
  </system-out>
  <testcase name="f" time="0.000" classname="testNGpack.Flag7invocation"/>
  <system-out>
    <![CDATA[gabgka]]>
  </system-out>
  <testcase name="f" time="0.000" classname="testNGpack.Flag7invocation"/>
  <system-out>
    <![CDATA[gabgka]]>
  </system-out>
  <testcase name="f" time="0.000" classname="testNGpack.Flag7invocation"/>
  <system-out>
    <![CDATA[gabgka]]>
  </system-out>
  <testcase name="f" time="0.000" classname="testNGpack.Flag7invocation"/>
  <system-out>
    <![CDATA[gabgka]]>
  </system-out>
  <testcase name="f" time="0.000" classname="testNGpack.Flag7invocation"/>
  <system-out>
    <![CDATA[gabgka]]>
  </system-out>
  <testcase name="f" time="0.000" classname="testNGpack.Flag7invocation"/>
  <system-out>
    <![CDATA[gabgka]]>
  </system-out>
  <testcase name="f" time="0.000" classname="testNGpack.Flag7invocation"/>
  <system-out>
    <![CDATA[gabgka]]>
  </system-out>
  <testcase name="f" time="0.000" classname="testNGpack.Flag7invocation"/>
  <system-out>
    <![CDATA[gabgka]]>
  </system-out>
  <testcase name="f" time="0.000" classname="testNGpack.Flag7invocation"/>
  <system-out>
    <![CDATA[gabgka]]>
  </system-out>
  <testcase name="f" time="0.004" classname="testNGpack.Flag7invocation"/>
  <system-out>
    <![CDATA[gabgka]]>
  </system-out>
  <testcase name="f" time="0.000" classname="testNGpack.Flag7invocation"/>
  <system-out>
    <![CDATA[gabgka]]>
  </system-out>
  <testcase name="f" time="0.000" classname="testNGpack.Flag7invocation"/>
  <system-out>
    <![CDATA[gabgka]]>
  </system-out>
  <testcase name="f" time="0.000" classname="testNGpack.Flag7invocation"/>
  <system-out>
    <![CDATA[gabgka]]>
  </system-out>
  <testcase name="f" time="0.000" classname="testNGpack.Flag7invocation"/>
  <system-out>
    <![CDATA[gabgka]]>
  </system-out>
  <testcase name="f" time="0.000" classname="testNGpack.Flag7invocation"/>
  <system-out>
    <![CDATA[gabgka]]>
  </system-out>
  <testcase name="f" time="0.000" classname="testNGpack.Flag7invocation"/>
  <system-out>
    <![CDATA[gabgka]]>
  </system-out>
  <testcase name="f" time="0.000" classname="testNGpack.Flag7invocation"/>
  <system-out>
    <![CDATA[gabgka]]>
  </system-out>
  <testcase name="f" time="0.000" classname="testNGpack.Flag7invocation"/>
  <system-out>
    <![CDATA[gabgka]]>
  </system-out>
  <testcase name="f" time="0.000" classname="testNGpack.Flag7invocation"/>
  <system-out>
    <![CDATA[gabgka]]>
  </system-out>
  <testcase name="f" time="0.000" classname="testNGpack.Flag7invocation"/>
  <system-out>
    <![CDATA[gabgka]]>
  </system-out>
  <testcase name="f" time="0.000" classname="testNGpack.Flag7invocation"/>
  <system-out>
    <![CDATA[gabgka]]>
  </system-out>
  <testcase name="f" time="0.000" classname="testNGpack.Flag7invocation"/>
  <system-out>
    <![CDATA[gabgka]]>
  </system-out>
  <testcase name="f" time="0.000" classname="testNGpack.Flag7invocation"/>
  <system-out>
    <![CDATA[gabgka]]>
  </system-out>
  <testcase name="f" time="0.000" classname="testNGpack.Flag7invocation"/>
  <system-out>
    <![CDATA[gabgka]]>
  </system-out>
  <testcase name="f" time="0.000" classname="testNGpack.Flag7invocation"/>
  <system-out>
    <![CDATA[gabgka]]>
  </system-out>
  <testcase name="f" time="0.000" classname="testNGpack.Flag7invocation"/>
  <system-out>
    <![CDATA[gabgka]]>
  </system-out>
  <testcase name="f" time="0.000" classname="testNGpack.Flag7invocation"/>
  <system-out>
    <![CDATA[gabgka]]>
  </system-out>
  <testcase name="f" time="0.000" classname="testNGpack.Flag7invocation"/>
  <system-out>
    <![CDATA[gabgka]]>
  </system-out>
  <testcase name="f" time="0.000" classname="testNGpack.Flag7invocation"/>
  <system-out>
    <![CDATA[gabgka]]>
  </system-out>
  <testcase name="f" time="0.000" classname="testNGpack.Flag7invocation"/>
  <system-out>
    <![CDATA[gabgka]]>
  </system-out>
  <testcase name="f" time="0.000" classname="testNGpack.Flag7invocation"/>
  <system-out>
    <![CDATA[gabgka]]>
  </system-out>
  <testcase name="f" time="0.000" classname="testNGpack.Flag7invocation"/>
  <system-out>
    <![CDATA[gabgka]]>
  </system-out>
  <testcase name="f" time="0.000" classname="testNGpack.Flag7invocation"/>
  <system-out>
    <![CDATA[gabgka]]>
  </system-out>
  <testcase name="f" time="0.000" classname="testNGpack.Flag7invocation"/>
  <system-out>
    <![CDATA[gabgka]]>
  </system-out>
  <testcase name="f" time="0.000" classname="testNGpack.Flag7invocation"/>
  <system-out>
    <![CDATA[gabgka]]>
  </system-out>
  <testcase name="f" time="0.000" classname="testNGpack.Flag7invocation"/>
  <system-out>
    <![CDATA[gabgka]]>
  </system-out>
  <testcase name="f" time="0.000" classname="testNGpack.Flag7invocation"/>
  <system-out>
    <![CDATA[gabgka]]>
  </system-out>
  <testcase name="f" time="0.000" classname="testNGpack.Flag7invocation"/>
  <system-out>
    <![CDATA[gabgka]]>
  </system-out>
  <testcase name="f" time="0.000" classname="testNGpack.Flag7invocation"/>
  <system-out>
    <![CDATA[gabgka]]>
  </system-out>
  <testcase name="f" time="0.000" classname="testNGpack.Flag7invocation"/>
  <system-out>
    <![CDATA[gabgka]]>
  </system-out>
  <testcase name="f" time="0.000" classname="testNGpack.Flag7invocation"/>
  <system-out>
    <![CDATA[gabgka]]>
  </system-out>
  <testcase name="f" time="0.000" classname="testNGpack.Flag7invocation"/>
  <system-out>
    <![CDATA[gabgka]]>
  </system-out>
  <testcase name="f" time="0.000" classname="testNGpack.Flag7invocation"/>
  <system-out>
    <![CDATA[gabgka]]>
  </system-out>
  <testcase name="f" time="0.000" classname="testNGpack.Flag7invocation"/>
  <system-out>
    <![CDATA[gabgka]]>
  </system-out>
  <testcase name="f" time="0.000" classname="testNGpack.Flag7invocation"/>
  <system-out>
    <![CDATA[gabgka]]>
  </system-out>
  <testcase name="f" time="0.000" classname="testNGpack.Flag7invocation"/>
  <system-out>
    <![CDATA[gabgka]]>
  </system-out>
  <testcase name="f" time="0.000" classname="testNGpack.Flag7invocation"/>
  <system-out>
    <![CDATA[gabgka]]>
  </system-out>
  <testcase name="f" time="0.000" classname="testNGpack.Flag7invocation"/>
  <system-out>
    <![CDATA[gabgka]]>
  </system-out>
  <testcase name="f" time="0.003" classname="testNGpack.Flag7invocation"/>
  <system-out>
    <![CDATA[gabgka]]>
  </system-out>
  <testcase name="f" time="0.000" classname="testNGpack.Flag7invocation"/>
  <system-out>
    <![CDATA[gabgka]]>
  </system-out>
  <testcase name="f" time="0.000" classname="testNGpack.Flag7invocation"/>
  <system-out>
    <![CDATA[gabgka]]>
  </system-out>
  <testcase name="f" time="0.000" classname="testNGpack.Flag7invocation"/>
  <system-out>
    <![CDATA[gabgka]]>
  </system-out>
  <testcase name="f" time="0.000" classname="testNGpack.Flag7invocation"/>
  <system-out>
    <![CDATA[gabgka]]>
  </system-out>
  <testcase name="f" time="0.000" classname="testNGpack.Flag7invocation"/>
  <system-out>
    <![CDATA[gabgka]]>
  </system-out>
  <testcase name="f" time="0.000" classname="testNGpack.Flag7invocation"/>
  <system-out>
    <![CDATA[gabgka]]>
  </system-out>
  <testcase name="f" time="0.000" classname="testNGpack.Flag7invocation"/>
  <system-out>
    <![CDATA[gabgka]]>
  </system-out>
  <testcase name="f" time="0.000" classname="testNGpack.Flag7invocation"/>
  <system-out>
    <![CDATA[gabgka]]>
  </system-out>
  <testcase name="f" time="0.000" classname="testNGpack.Flag7invocation"/>
  <system-out>
    <![CDATA[gabgka]]>
  </system-out>
  <testcase name="f" time="0.000" classname="testNGpack.Flag7invocation"/>
  <system-out>
    <![CDATA[gabgka]]>
  </system-out>
  <testcase name="f" time="0.000" classname="testNGpack.Flag7invocation"/>
  <system-out>
    <![CDATA[gabgka]]>
  </system-out>
  <testcase name="f" time="0.000" classname="testNGpack.Flag7invocation"/>
  <system-out>
    <![CDATA[gabgka]]>
  </system-out>
  <testcase name="f" time="0.000" classname="testNGpack.Flag7invocation"/>
  <system-out>
    <![CDATA[gabgka]]>
  </system-out>
  <testcase name="f" time="0.000" classname="testNGpack.Flag7invocation"/>
  <system-out>
    <![CDATA[gabgka]]>
  </system-out>
  <testcase name="f" time="0.000" classname="testNGpack.Flag7invocation"/>
  <system-out>
    <![CDATA[gabgka]]>
  </system-out>
  <testcase name="f" time="0.000" classname="testNGpack.Flag7invocation"/>
  <system-out>
    <![CDATA[gabgka]]>
  </system-out>
  <testcase name="f" time="0.000" classname="testNGpack.Flag7invocation"/>
  <system-out>
    <![CDATA[gabgka]]>
  </system-out>
  <testcase name="f" time="0.004" classname="testNGpack.Flag7invocation"/>
  <system-out>
    <![CDATA[gabgka]]>
  </system-out>
  <testcase name="f" time="0.000" classname="testNGpack.Flag7invocation"/>
  <system-out>
    <![CDATA[gabgka]]>
  </system-out>
  <testcase name="f" time="0.000" classname="testNGpack.Flag7invocation"/>
  <system-out>
    <![CDATA[gabgka]]>
  </system-out>
  <testcase name="f" time="0.000" classname="testNGpack.Flag7invocation"/>
  <system-out>
    <![CDATA[gabgka]]>
  </system-out>
  <testcase name="f" time="0.000" classname="testNGpack.Flag7invocation"/>
  <system-out>
    <![CDATA[gabgka]]>
  </system-out>
  <testcase name="f" time="0.006" classname="testNGpack.Flag7invocation"/>
  <system-out>
    <![CDATA[gabgka]]>
  </system-out>
  <testcase name="f" time="0.000" classname="testNGpack.Flag7invocation"/>
  <system-out>
    <![CDATA[gabgka]]>
  </system-out>
  <testcase name="f" time="0.000" classname="testNGpack.Flag7invocation"/>
  <system-out>
    <![CDATA[gabgka]]>
  </system-out>
  <testcase name="f" time="0.000" classname="testNGpack.Flag7invocation"/>
  <system-out>
    <![CDATA[gabgka]]>
  </system-out>
  <testcase name="f" time="0.004" classname="testNGpack.Flag7invocation"/>
  <system-out>
    <![CDATA[gabgka]]>
  </system-out>
  <testcase name="f" time="0.000" classname="testNGpack.Flag7invocation"/>
  <system-out>
    <![CDATA[gabgka]]>
  </system-out>
  <testcase name="f" time="0.000" classname="testNGpack.Flag7invocation"/>
  <system-out>
    <![CDATA[gabgka]]>
  </system-out>
  <testcase name="f" time="0.008" classname="testNGpack.Flag7invocation"/>
  <system-out>
    <![CDATA[gabgka]]>
  </system-out>
  <testcase name="f" time="0.000" classname="testNGpack.Flag7invocation"/>
  <system-out>
    <![CDATA[gabgka]]>
  </system-out>
  <testcase name="f" time="0.000" classname="testNGpack.Flag7invocation"/>
  <system-out>
    <![CDATA[gabgka]]>
  </system-out>
  <testcase name="f" time="0.000" classname="testNGpack.Flag7invocation"/>
  <system-out>
    <![CDATA[gabgka]]>
  </system-out>
  <testcase name="f" time="0.000" classname="testNGpack.Flag7invocation"/>
  <system-out>
    <![CDATA[gabgka]]>
  </system-out>
  <testcase name="f" time="0.008" classname="testNGpack.Flag7invocation"/>
  <system-out>
    <![CDATA[gabgka]]>
  </system-out>
  <testcase name="f" time="0.000" classname="testNGpack.Flag7invocation"/>
  <system-out>
    <![CDATA[gabgka]]>
  </system-out>
  <testcase name="f" time="0.000" classname="testNGpack.Flag7invocation"/>
  <system-out>
    <![CDATA[gabgka]]>
  </system-out>
  <testcase name="f" time="0.000" classname="testNGpack.Flag7invocation"/>
  <system-out>
    <![CDATA[gabgka]]>
  </system-out>
  <testcase name="f" time="0.000" classname="testNGpack.Flag7invocation"/>
  <system-out>
    <![CDATA[gabgka]]>
  </system-out>
  <testcase name="f" time="0.000" classname="testNGpack.Flag7invocation"/>
  <system-out>
    <![CDATA[gabgka]]>
  </system-out>
  <testcase name="f" time="0.000" classname="testNGpack.Flag7invocation"/>
  <system-out>
    <![CDATA[gabgka]]>
  </system-out>
  <testcase name="f" time="0.000" classname="testNGpack.Flag7invocation"/>
  <system-out>
    <![CDATA[gabgka]]>
  </system-out>
  <testcase name="f" time="0.000" classname="testNGpack.Flag7invocation"/>
  <system-out>
    <![CDATA[gabgka]]>
  </system-out>
  <testcase name="f" time="0.000" classname="testNGpack.Flag7invocation"/>
  <system-out>
    <![CDATA[gabgka]]>
  </system-out>
  <testcase name="f" time="0.000" classname="testNGpack.Flag7invocation"/>
  <system-out>
    <![CDATA[gabgka]]>
  </system-out>
  <testcase name="f" time="0.000" classname="testNGpack.Flag7invocation"/>
  <system-out>
    <![CDATA[gabgka]]>
  </system-out>
  <testcase name="f" time="0.000" classname="testNGpack.Flag7invocation"/>
  <system-out>
    <![CDATA[gabgka]]>
  </system-out>
  <testcase name="f" time="0.000" classname="testNGpack.Flag7invocation"/>
  <system-out>
    <![CDATA[gabgka]]>
  </system-out>
  <testcase name="f" time="0.002" classname="testNGpack.Flag7invocation"/>
  <system-out>
    <![CDATA[gabgka]]>
  </system-out>
  <testcase name="f" time="0.000" classname="testNGpack.Flag7invocation"/>
  <system-out>
    <![CDATA[gabgka]]>
  </system-out>
  <testcase name="f" time="0.000" classname="testNGpack.Flag7invocation"/>
  <system-out>
    <![CDATA[gabgka]]>
  </system-out>
  <testcase name="f" time="0.000" classname="testNGpack.Flag7invocation"/>
  <system-out>
    <![CDATA[gabgka]]>
  </system-out>
  <testcase name="f" time="0.000" classname="testNGpack.Flag7invocation"/>
  <system-out>
    <![CDATA[gabgka]]>
  </system-out>
  <testcase name="f" time="0.000" classname="testNGpack.Flag7invocation"/>
  <system-out>
    <![CDATA[gabgka]]>
  </system-out>
  <testcase name="f" time="0.000" classname="testNGpack.Flag7invocation"/>
  <system-out>
    <![CDATA[gabgka]]>
  </system-out>
  <testcase name="f" time="0.000" classname="testNGpack.Flag7invocation"/>
  <system-out>
    <![CDATA[gabgka]]>
  </system-out>
  <testcase name="f" time="0.000" classname="testNGpack.Flag7invocation"/>
  <system-out>
    <![CDATA[gabgka]]>
  </system-out>
  <testcase name="f" time="0.000" classname="testNGpack.Flag7invocation"/>
  <system-out>
    <![CDATA[gabgka]]>
  </system-out>
  <testcase name="f" time="0.000" classname="testNGpack.Flag7invocation"/>
  <system-out>
    <![CDATA[gabgka]]>
  </system-out>
  <testcase name="f" time="0.000" classname="testNGpack.Flag7invocation"/>
  <system-out>
    <![CDATA[gabgka]]>
  </system-out>
  <testcase name="f" time="0.000" classname="testNGpack.Flag7invocation"/>
  <system-out>
    <![CDATA[gabgka]]>
  </system-out>
  <testcase name="f" time="0.000" classname="testNGpack.Flag7invocation"/>
  <system-out>
    <![CDATA[gabgka]]>
  </system-out>
  <testcase name="f" time="0.000" classname="testNGpack.Flag7invocation"/>
  <system-out>
    <![CDATA[gabgka]]>
  </system-out>
  <testcase name="f" time="0.000" classname="testNGpack.Flag7invocation"/>
  <system-out>
    <![CDATA[gabgka]]>
  </system-out>
  <testcase name="f" time="0.000" classname="testNGpack.Flag7invocation"/>
  <system-out>
    <![CDATA[gabgka]]>
  </system-out>
  <testcase name="f" time="0.000" classname="testNGpack.Flag7invocation"/>
  <system-out>
    <![CDATA[gabgka]]>
  </system-out>
  <testcase name="f" time="0.000" classname="testNGpack.Flag7invocation"/>
  <system-out>
    <![CDATA[gabgka]]>
  </system-out>
  <testcase name="f" time="0.000" classname="testNGpack.Flag7invocation"/>
  <system-out>
    <![CDATA[gabgka]]>
  </system-out>
  <testcase name="f" time="0.000" classname="testNGpack.Flag7invocation"/>
  <system-out>
    <![CDATA[gabgka]]>
  </system-out>
  <testcase name="f" time="0.000" classname="testNGpack.Flag7invocation"/>
  <system-out>
    <![CDATA[gabgka]]>
  </system-out>
  <testcase name="f" time="0.000" classname="testNGpack.Flag7invocation"/>
  <system-out>
    <![CDATA[gabgka]]>
  </system-out>
  <testcase name="f" time="0.000" classname="testNGpack.Flag7invocation"/>
  <system-out>
    <![CDATA[gabgka]]>
  </system-out>
  <testcase name="f" time="0.000" classname="testNGpack.Flag7invocation"/>
  <system-out>
    <![CDATA[gabgka]]>
  </system-out>
  <testcase name="f" time="0.000" classname="testNGpack.Flag7invocation"/>
  <system-out>
    <![CDATA[gabgka]]>
  </system-out>
  <testcase name="f" time="0.000" classname="testNGpack.Flag7invocation"/>
  <system-out>
    <![CDATA[gabgka]]>
  </system-out>
  <testcase name="f" time="0.000" classname="testNGpack.Flag7invocation"/>
  <system-out>
    <![CDATA[gabgka]]>
  </system-out>
  <testcase name="f" time="0.000" classname="testNGpack.Flag7invocation"/>
  <system-out>
    <![CDATA[gabgka]]>
  </system-out>
  <testcase name="f" time="0.000" classname="testNGpack.Flag7invocation"/>
  <system-out>
    <![CDATA[gabgka]]>
  </system-out>
  <testcase name="f" time="0.000" classname="testNGpack.Flag7invocation"/>
  <system-out>
    <![CDATA[gabgka]]>
  </system-out>
  <testcase name="f" time="0.000" classname="testNGpack.Flag7invocation"/>
  <system-out>
    <![CDATA[gabgka]]>
  </system-out>
  <testcase name="f" time="0.000" classname="testNGpack.Flag7invocation"/>
  <system-out>
    <![CDATA[gabgka]]>
  </system-out>
  <testcase name="f" time="0.000" classname="testNGpack.Flag7invocation"/>
  <system-out>
    <![CDATA[gabgka]]>
  </system-out>
  <testcase name="f" time="0.000" classname="testNGpack.Flag7invocation"/>
  <system-out>
    <![CDATA[gabgka]]>
  </system-out>
  <testcase name="f" time="0.000" classname="testNGpack.Flag7invocation"/>
  <system-out>
    <![CDATA[gabgka]]>
  </system-out>
  <testcase name="f" time="0.000" classname="testNGpack.Flag7invocation"/>
  <system-out>
    <![CDATA[gabgka]]>
  </system-out>
  <testcase name="f" time="0.000" classname="testNGpack.Flag7invocation"/>
  <system-out>
    <![CDATA[gabgka]]>
  </system-out>
  <testcase name="f" time="0.000" classname="testNGpack.Flag7invocation"/>
  <system-out>
    <![CDATA[gabgka]]>
  </system-out>
  <testcase name="f" time="0.000" classname="testNGpack.Flag7invocation"/>
  <system-out>
    <![CDATA[gabgka]]>
  </system-out>
  <testcase name="f" time="0.000" classname="testNGpack.Flag7invocation"/>
  <system-out>
    <![CDATA[gabgka]]>
  </system-out>
  <testcase name="f" time="0.000" classname="testNGpack.Flag7invocation"/>
  <system-out>
    <![CDATA[gabgka]]>
  </system-out>
  <testcase name="f" time="0.000" classname="testNGpack.Flag7invocation"/>
  <system-out>
    <![CDATA[gabgka]]>
  </system-out>
  <testcase name="f" time="0.000" classname="testNGpack.Flag7invocation"/>
  <system-out>
    <![CDATA[gabgka]]>
  </system-out>
  <testcase name="f" time="0.000" classname="testNGpack.Flag7invocation"/>
  <system-out>
    <![CDATA[gabgka]]>
  </system-out>
  <testcase name="f" time="0.000" classname="testNGpack.Flag7invocation"/>
  <system-out>
    <![CDATA[gabgka]]>
  </system-out>
  <testcase name="f" time="0.000" classname="testNGpack.Flag7invocation"/>
  <system-out>
    <![CDATA[gabgka]]>
  </system-out>
  <testcase name="f" time="0.000" classname="testNGpack.Flag7invocation"/>
  <system-out>
    <![CDATA[gabgka]]>
  </system-out>
  <testcase name="f" time="0.000" classname="testNGpack.Flag7invocation"/>
  <system-out>
    <![CDATA[gabgka]]>
  </system-out>
  <testcase name="f" time="0.000" classname="testNGpack.Flag7invocation"/>
  <system-out>
    <![CDATA[gabgka]]>
  </system-out>
  <testcase name="f" time="0.000" classname="testNGpack.Flag7invocation"/>
  <system-out>
    <![CDATA[gabgka]]>
  </system-out>
  <testcase name="f" time="0.001" classname="testNGpack.Flag7invocation"/>
  <system-out>
    <![CDATA[gabgka]]>
  </system-out>
  <testcase name="f" time="0.000" classname="testNGpack.Flag7invocation"/>
  <system-out>
    <![CDATA[gabgka]]>
  </system-out>
  <testcase name="f" time="0.000" classname="testNGpack.Flag7invocation"/>
  <system-out>
    <![CDATA[gabgka]]>
  </system-out>
  <testcase name="f" time="0.000" classname="testNGpack.Flag7invocation"/>
  <system-out>
    <![CDATA[gabgka]]>
  </system-out>
  <testcase name="f" time="0.000" classname="testNGpack.Flag7invocation"/>
  <system-out>
    <![CDATA[gabgka]]>
  </system-out>
  <testcase name="f" time="0.000" classname="testNGpack.Flag7invocation"/>
  <system-out>
    <![CDATA[gabgka]]>
  </system-out>
  <testcase name="f" time="0.000" classname="testNGpack.Flag7invocation"/>
  <system-out>
    <![CDATA[gabgka]]>
  </system-out>
  <testcase name="f" time="0.000" classname="testNGpack.Flag7invocation"/>
  <system-out>
    <![CDATA[gabgka]]>
  </system-out>
  <testcase name="f" time="0.000" classname="testNGpack.Flag7invocation"/>
  <system-out>
    <![CDATA[gabgka]]>
  </system-out>
  <testcase name="f" time="0.000" classname="testNGpack.Flag7invocation"/>
  <system-out>
    <![CDATA[gabgka]]>
  </system-out>
  <testcase name="f" time="0.000" classname="testNGpack.Flag7invocation"/>
  <system-out>
    <![CDATA[gabgka]]>
  </system-out>
  <testcase name="f" time="0.000" classname="testNGpack.Flag7invocation"/>
  <system-out>
    <![CDATA[gabgka]]>
  </system-out>
  <testcase name="f" time="0.000" classname="testNGpack.Flag7invocation"/>
  <system-out>
    <![CDATA[gabgka]]>
  </system-out>
  <testcase name="f" time="0.000" classname="testNGpack.Flag7invocation"/>
  <system-out>
    <![CDATA[gabgka]]>
  </system-out>
  <testcase name="f" time="0.000" classname="testNGpack.Flag7invocation"/>
  <system-out>
    <![CDATA[gabgka]]>
  </system-out>
  <testcase name="f" time="0.000" classname="testNGpack.Flag7invocation"/>
  <system-out>
    <![CDATA[gabgka]]>
  </system-out>
  <testcase name="f" time="0.000" classname="testNGpack.Flag7invocation"/>
  <system-out>
    <![CDATA[gabgka]]>
  </system-out>
  <testcase name="f" time="0.000" classname="testNGpack.Flag7invocation"/>
  <system-out>
    <![CDATA[gabgka]]>
  </system-out>
  <testcase name="f" time="0.000" classname="testNGpack.Flag7invocation"/>
  <system-out>
    <![CDATA[gabgka]]>
  </system-out>
  <testcase name="f" time="0.000" classname="testNGpack.Flag7invocation"/>
  <system-out>
    <![CDATA[gabgka]]>
  </system-out>
  <testcase name="f" time="0.000" classname="testNGpack.Flag7invocation"/>
  <system-out>
    <![CDATA[gabgka]]>
  </system-out>
  <testcase name="f" time="0.000" classname="testNGpack.Flag7invocation"/>
  <system-out>
    <![CDATA[gabgka]]>
  </system-out>
  <testcase name="f" time="0.000" classname="testNGpack.Flag7invocation"/>
  <system-out>
    <![CDATA[gabgka]]>
  </system-out>
  <testcase name="f" time="0.000" classname="testNGpack.Flag7invocation"/>
  <system-out>
    <![CDATA[gabgka]]>
  </system-out>
  <testcase name="f" time="0.000" classname="testNGpack.Flag7invocation"/>
  <system-out>
    <![CDATA[gabgka]]>
  </system-out>
  <testcase name="f" time="0.000" classname="testNGpack.Flag7invocation"/>
  <system-out>
    <![CDATA[gabgka]]>
  </system-out>
  <testcase name="f" time="0.000" classname="testNGpack.Flag7invocation"/>
  <system-out>
    <![CDATA[gabgka]]>
  </system-out>
  <testcase name="f" time="0.000" classname="testNGpack.Flag7invocation"/>
  <system-out>
    <![CDATA[gabgka]]>
  </system-out>
  <testcase name="f" time="0.000" classname="testNGpack.Flag7invocation"/>
  <system-out>
    <![CDATA[gabgka]]>
  </system-out>
  <testcase name="f" time="0.000" classname="testNGpack.Flag7invocation"/>
  <system-out>
    <![CDATA[gabgka]]>
  </system-out>
  <testcase name="f" time="0.000" classname="testNGpack.Flag7invocation"/>
  <system-out>
    <![CDATA[gabgka]]>
  </system-out>
  <testcase name="f" time="0.000" classname="testNGpack.Flag7invocation"/>
  <system-out>
    <![CDATA[gabgka]]>
  </system-out>
  <testcase name="f" time="0.010" classname="testNGpack.Flag7invocation"/>
  <system-out>
    <![CDATA[gabgka]]>
  </system-out>
  <testcase name="f" time="0.000" classname="testNGpack.Flag7invocation"/>
  <system-out>
    <![CDATA[gabgka]]>
  </system-out>
  <testcase name="f" time="0.000" classname="testNGpack.Flag7invocation"/>
  <system-out>
    <![CDATA[gabgka]]>
  </system-out>
  <testcase name="f" time="0.000" classname="testNGpack.Flag7invocation"/>
  <system-out>
    <![CDATA[gabgka]]>
  </system-out>
  <testcase name="f" time="0.000" classname="testNGpack.Flag7invocation"/>
  <system-out>
    <![CDATA[gabgka]]>
  </system-out>
  <testcase name="f" time="0.000" classname="testNGpack.Flag7invocation"/>
  <system-out>
    <![CDATA[gabgka]]>
  </system-out>
  <testcase name="f" time="0.000" classname="testNGpack.Flag7invocation"/>
  <system-out>
    <![CDATA[gabgka]]>
  </system-out>
  <testcase name="f" time="0.000" classname="testNGpack.Flag7invocation"/>
  <system-out>
    <![CDATA[gabgka]]>
  </system-out>
  <testcase name="f" time="0.000" classname="testNGpack.Flag7invocation"/>
  <system-out>
    <![CDATA[gabgka]]>
  </system-out>
  <testcase name="f" time="0.000" classname="testNGpack.Flag7invocation"/>
  <system-out>
    <![CDATA[gabgka]]>
  </system-out>
  <testcase name="f" time="0.000" classname="testNGpack.Flag7invocation"/>
  <system-out>
    <![CDATA[gabgka]]>
  </system-out>
  <testcase name="f" time="0.000" classname="testNGpack.Flag7invocation"/>
  <system-out>
    <![CDATA[gabgka]]>
  </system-out>
  <testcase name="f" time="0.000" classname="testNGpack.Flag7invocation"/>
  <system-out>
    <![CDATA[gabgka]]>
  </system-out>
  <testcase name="f" time="0.000" classname="testNGpack.Flag7invocation"/>
  <system-out>
    <![CDATA[gabgka]]>
  </system-out>
  <testcase name="f" time="0.000" classname="testNGpack.Flag7invocation"/>
  <system-out>
    <![CDATA[gabgka]]>
  </system-out>
  <testcase name="f" time="0.014" classname="testNGpack.Flag7invocation"/>
  <system-out>
    <![CDATA[gabgka]]>
  </system-out>
  <testcase name="f" time="0.000" classname="testNGpack.Flag7invocation"/>
  <system-out>
    <![CDATA[gabgka]]>
  </system-out>
  <testcase name="f" time="0.000" classname="testNGpack.Flag7invocation"/>
  <system-out>
    <![CDATA[gabgka]]>
  </system-out>
  <testcase name="f" time="0.000" classname="testNGpack.Flag7invocation"/>
  <system-out>
    <![CDATA[gabgka]]>
  </system-out>
  <testcase name="f" time="0.000" classname="testNGpack.Flag7invocation"/>
  <system-out>
    <![CDATA[gabgka]]>
  </system-out>
  <testcase name="f" time="0.000" classname="testNGpack.Flag7invocation"/>
  <system-out>
    <![CDATA[gabgka]]>
  </system-out>
  <testcase name="f" time="0.000" classname="testNGpack.Flag7invocation"/>
  <system-out>
    <![CDATA[gabgka]]>
  </system-out>
  <testcase name="f" time="0.000" classname="testNGpack.Flag7invocation"/>
  <system-out>
    <![CDATA[gabgka]]>
  </system-out>
  <testcase name="f" time="0.000" classname="testNGpack.Flag7invocation"/>
  <system-out>
    <![CDATA[gabgka]]>
  </system-out>
  <testcase name="f" time="0.005" classname="testNGpack.Flag7invocation"/>
  <system-out>
    <![CDATA[gabgka]]>
  </system-out>
  <testcase name="f" time="0.000" classname="testNGpack.Flag7invocation"/>
  <system-out>
    <![CDATA[gabgka]]>
  </system-out>
  <testcase name="f" time="0.000" classname="testNGpack.Flag7invocation"/>
  <system-out>
    <![CDATA[gabgka]]>
  </system-out>
  <testcase name="f" time="0.000" classname="testNGpack.Flag7invocation"/>
  <system-out>
    <![CDATA[gabgka]]>
  </system-out>
  <testcase name="f" time="0.000" classname="testNGpack.Flag7invocation"/>
  <system-out>
    <![CDATA[gabgka]]>
  </system-out>
  <testcase name="f" time="0.003" classname="testNGpack.Flag7invocation"/>
  <system-out>
    <![CDATA[gabgka]]>
  </system-out>
  <testcase name="f" time="0.000" classname="testNGpack.Flag7invocation"/>
  <system-out>
    <![CDATA[gabgka]]>
  </system-out>
  <testcase name="f" time="0.000" classname="testNGpack.Flag7invocation"/>
  <system-out>
    <![CDATA[gabgka]]>
  </system-out>
  <testcase name="f" time="0.000" classname="testNGpack.Flag7invocation"/>
  <system-out>
    <![CDATA[gabgka]]>
  </system-out>
  <testcase name="f" time="0.000" classname="testNGpack.Flag7invocation"/>
  <system-out>
    <![CDATA[gabgka]]>
  </system-out>
  <testcase name="f" time="0.000" classname="testNGpack.Flag7invocation"/>
  <system-out>
    <![CDATA[gabgka]]>
  </system-out>
  <testcase name="f" time="0.000" classname="testNGpack.Flag7invocation"/>
  <system-out>
    <![CDATA[gabgka]]>
  </system-out>
  <testcase name="f" time="0.000" classname="testNGpack.Flag7invocation"/>
  <system-out>
    <![CDATA[gabgka]]>
  </system-out>
  <testcase name="f" time="0.000" classname="testNGpack.Flag7invocation"/>
  <system-out>
    <![CDATA[gabgka]]>
  </system-out>
  <testcase name="f" time="0.000" classname="testNGpack.Flag7invocation"/>
  <system-out>
    <![CDATA[gabgka]]>
  </system-out>
  <testcase name="f" time="0.000" classname="testNGpack.Flag7invocation"/>
  <system-out>
    <![CDATA[gabgka]]>
  </system-out>
  <testcase name="f" time="0.000" classname="testNGpack.Flag7invocation"/>
  <system-out>
    <![CDATA[gabgka]]>
  </system-out>
  <testcase name="f" time="0.000" classname="testNGpack.Flag7invocation"/>
  <system-out>
    <![CDATA[gabgka]]>
  </system-out>
  <testcase name="f" time="0.000" classname="testNGpack.Flag7invocation"/>
  <system-out>
    <![CDATA[gabgka]]>
  </system-out>
  <testcase name="f" time="0.000" classname="testNGpack.Flag7invocation"/>
  <system-out>
    <![CDATA[gabgka]]>
  </system-out>
  <testcase name="f" time="0.000" classname="testNGpack.Flag7invocation"/>
  <system-out>
    <![CDATA[gabgka]]>
  </system-out>
  <testcase name="f" time="0.000" classname="testNGpack.Flag7invocation"/>
  <system-out>
    <![CDATA[gabgka]]>
  </system-out>
  <testcase name="f" time="0.000" classname="testNGpack.Flag7invocation"/>
  <system-out>
    <![CDATA[gabgka]]>
  </system-out>
  <testcase name="f" time="0.000" classname="testNGpack.Flag7invocation"/>
  <system-out>
    <![CDATA[gabgka]]>
  </system-out>
  <testcase name="f" time="0.000" classname="testNGpack.Flag7invocation"/>
  <system-out>
    <![CDATA[gabgka]]>
  </system-out>
  <testcase name="f" time="0.000" classname="testNGpack.Flag7invocation"/>
  <system-out>
    <![CDATA[gabgka]]>
  </system-out>
  <testcase name="f" time="0.000" classname="testNGpack.Flag7invocation"/>
  <system-out>
    <![CDATA[gabgka]]>
  </system-out>
  <testcase name="f" time="0.000" classname="testNGpack.Flag7invocation"/>
  <system-out>
    <![CDATA[gabgka]]>
  </system-out>
  <testcase name="f" time="0.000" classname="testNGpack.Flag7invocation"/>
  <system-out>
    <![CDATA[gabgka]]>
  </system-out>
  <testcase name="f" time="0.000" classname="testNGpack.Flag7invocation"/>
  <system-out>
    <![CDATA[gabgka]]>
  </system-out>
  <testcase name="f" time="0.000" classname="testNGpack.Flag7invocation"/>
  <system-out>
    <![CDATA[gabgka]]>
  </system-out>
  <testcase name="f" time="0.000" classname="testNGpack.Flag7invocation"/>
  <system-out>
    <![CDATA[gabgka]]>
  </system-out>
  <testcase name="f" time="0.000" classname="testNGpack.Flag7invocation"/>
  <system-out>
    <![CDATA[gabgka]]>
  </system-out>
  <testcase name="f" time="0.000" classname="testNGpack.Flag7invocation"/>
  <system-out>
    <![CDATA[gabgka]]>
  </system-out>
  <testcase name="f" time="0.000" classname="testNGpack.Flag7invocation"/>
  <system-out>
    <![CDATA[gabgka]]>
  </system-out>
  <testcase name="f" time="0.000" classname="testNGpack.Flag7invocation"/>
  <system-out>
    <![CDATA[gabgka]]>
  </system-out>
  <testcase name="f" time="0.000" classname="testNGpack.Flag7invocation"/>
  <system-out>
    <![CDATA[gabgka]]>
  </system-out>
  <testcase name="f" time="0.000" classname="testNGpack.Flag7invocation"/>
  <system-out>
    <![CDATA[gabgka]]>
  </system-out>
  <testcase name="f" time="0.000" classname="testNGpack.Flag7invocation"/>
  <system-out>
    <![CDATA[gabgka]]>
  </system-out>
  <testcase name="f" time="0.000" classname="testNGpack.Flag7invocation"/>
  <system-out>
    <![CDATA[gabgka]]>
  </system-out>
  <testcase name="f" time="0.000" classname="testNGpack.Flag7invocation"/>
  <system-out>
    <![CDATA[gabgka]]>
  </system-out>
  <testcase name="f" time="0.000" classname="testNGpack.Flag7invocation"/>
  <system-out>
    <![CDATA[gabgka]]>
  </system-out>
  <testcase name="f" time="0.000" classname="testNGpack.Flag7invocation"/>
  <system-out>
    <![CDATA[gabgka]]>
  </system-out>
  <testcase name="f" time="0.000" classname="testNGpack.Flag7invocation"/>
  <system-out>
    <![CDATA[gabgka]]>
  </system-out>
  <testcase name="f" time="0.000" classname="testNGpack.Flag7invocation"/>
  <system-out>
    <![CDATA[gabgka]]>
  </system-out>
  <testcase name="f" time="0.000" classname="testNGpack.Flag7invocation"/>
  <system-out>
    <![CDATA[gabgka]]>
  </system-out>
  <testcase name="f" time="0.000" classname="testNGpack.Flag7invocation"/>
  <system-out>
    <![CDATA[gabgka]]>
  </system-out>
  <testcase name="f" time="0.000" classname="testNGpack.Flag7invocation"/>
  <system-out>
    <![CDATA[gabgka]]>
  </system-out>
  <testcase name="f" time="0.000" classname="testNGpack.Flag7invocation"/>
  <system-out>
    <![CDATA[gabgka]]>
  </system-out>
  <testcase name="f" time="0.000" classname="testNGpack.Flag7invocation"/>
  <system-out>
    <![CDATA[gabgka]]>
  </system-out>
  <testcase name="f" time="0.000" classname="testNGpack.Flag7invocation"/>
  <system-out>
    <![CDATA[gabgka]]>
  </system-out>
  <testcase name="f" time="0.000" classname="testNGpack.Flag7invocation"/>
  <system-out>
    <![CDATA[gabgka]]>
  </system-out>
  <testcase name="f" time="0.000" classname="testNGpack.Flag7invocation"/>
  <system-out>
    <![CDATA[gabgka]]>
  </system-out>
  <testcase name="f" time="0.000" classname="testNGpack.Flag7invocation"/>
  <system-out>
    <![CDATA[gabgka]]>
  </system-out>
  <testcase name="f" time="0.000" classname="testNGpack.Flag7invocation"/>
  <system-out>
    <![CDATA[gabgka]]>
  </system-out>
  <testcase name="f" time="0.000" classname="testNGpack.Flag7invocation"/>
  <system-out>
    <![CDATA[gabgka]]>
  </system-out>
  <testcase name="f" time="0.000" classname="testNGpack.Flag7invocation"/>
  <system-out>
    <![CDATA[gabgka]]>
  </system-out>
  <testcase name="f" time="0.000" classname="testNGpack.Flag7invocation"/>
  <system-out>
    <![CDATA[gabgka]]>
  </system-out>
  <testcase name="f" time="0.001" classname="testNGpack.Flag7invocation"/>
  <system-out>
    <![CDATA[gabgka]]>
  </system-out>
  <testcase name="f" time="0.000" classname="testNGpack.Flag7invocation"/>
  <system-out>
    <![CDATA[gabgka]]>
  </system-out>
  <testcase name="f" time="0.000" classname="testNGpack.Flag7invocation"/>
  <system-out>
    <![CDATA[gabgka]]>
  </system-out>
  <testcase name="f" time="0.000" classname="testNGpack.Flag7invocation"/>
  <system-out>
    <![CDATA[gabgka]]>
  </system-out>
  <testcase name="f" time="0.000" classname="testNGpack.Flag7invocation"/>
  <system-out>
    <![CDATA[gabgka]]>
  </system-out>
  <testcase name="f" time="0.000" classname="testNGpack.Flag7invocation"/>
  <system-out>
    <![CDATA[gabgka]]>
  </system-out>
  <testcase name="f" time="0.000" classname="testNGpack.Flag7invocation"/>
  <system-out>
    <![CDATA[gabgka]]>
  </system-out>
  <testcase name="f" time="0.000" classname="testNGpack.Flag7invocation"/>
  <system-out>
    <![CDATA[gabgka]]>
  </system-out>
  <testcase name="f" time="0.000" classname="testNGpack.Flag7invocation"/>
  <system-out>
    <![CDATA[gabgka]]>
  </system-out>
  <testcase name="f" time="0.000" classname="testNGpack.Flag7invocation"/>
  <system-out>
    <![CDATA[gabgka]]>
  </system-out>
  <testcase name="f" time="0.000" classname="testNGpack.Flag7invocation"/>
  <system-out>
    <![CDATA[gabgka]]>
  </system-out>
  <testcase name="f" time="0.000" classname="testNGpack.Flag7invocation"/>
  <system-out>
    <![CDATA[gabgka]]>
  </system-out>
  <testcase name="f" time="0.000" classname="testNGpack.Flag7invocation"/>
  <system-out>
    <![CDATA[gabgka]]>
  </system-out>
  <testcase name="f" time="0.000" classname="testNGpack.Flag7invocation"/>
  <system-out>
    <![CDATA[gabgka]]>
  </system-out>
  <testcase name="f" time="0.000" classname="testNGpack.Flag7invocation"/>
  <system-out>
    <![CDATA[gabgka]]>
  </system-out>
  <testcase name="f" time="0.001" classname="testNGpack.Flag7invocation"/>
  <system-out>
    <![CDATA[gabgka]]>
  </system-out>
  <testcase name="f" time="0.000" classname="testNGpack.Flag7invocation"/>
  <system-out>
    <![CDATA[gabgka]]>
  </system-out>
  <testcase name="f" time="0.000" classname="testNGpack.Flag7invocation"/>
  <system-out>
    <![CDATA[gabgka]]>
  </system-out>
  <testcase name="f" time="0.000" classname="testNGpack.Flag7invocation"/>
  <system-out>
    <![CDATA[gabgka]]>
  </system-out>
  <testcase name="f" time="0.001" classname="testNGpack.Flag7invocation"/>
  <system-out>
    <![CDATA[gabgka]]>
  </system-out>
  <testcase name="f" time="0.000" classname="testNGpack.Flag7invocation"/>
  <system-out>
    <![CDATA[gabgka]]>
  </system-out>
  <testcase name="f" time="0.000" classname="testNGpack.Flag7invocation"/>
  <system-out>
    <![CDATA[gabgka]]>
  </system-out>
  <testcase name="f" time="0.000" classname="testNGpack.Flag7invocation"/>
  <system-out>
    <![CDATA[gabgka]]>
  </system-out>
  <testcase name="f" time="0.000" classname="testNGpack.Flag7invocation"/>
  <system-out>
    <![CDATA[gabgka]]>
  </system-out>
  <testcase name="f" time="0.000" classname="testNGpack.Flag7invocation"/>
  <system-out>
    <![CDATA[gabgka]]>
  </system-out>
  <testcase name="f" time="0.000" classname="testNGpack.Flag7invocation"/>
  <system-out>
    <![CDATA[gabgka]]>
  </system-out>
  <testcase name="f" time="0.000" classname="testNGpack.Flag7invocation"/>
  <system-out>
    <![CDATA[gabgka]]>
  </system-out>
  <testcase name="f" time="0.000" classname="testNGpack.Flag7invocation"/>
  <system-out>
    <![CDATA[gabgka]]>
  </system-out>
  <testcase name="f" time="0.000" classname="testNGpack.Flag7invocation"/>
  <system-out>
    <![CDATA[gabgka]]>
  </system-out>
  <testcase name="f" time="0.000" classname="testNGpack.Flag7invocation"/>
  <system-out>
    <![CDATA[gabgka]]>
  </system-out>
  <testcase name="f" time="0.000" classname="testNGpack.Flag7invocation"/>
  <system-out>
    <![CDATA[gabgka]]>
  </system-out>
  <testcase name="f" time="0.000" classname="testNGpack.Flag7invocation"/>
  <system-out>
    <![CDATA[gabgka]]>
  </system-out>
  <testcase name="f" time="0.000" classname="testNGpack.Flag7invocation"/>
  <system-out>
    <![CDATA[gabgka]]>
  </system-out>
  <testcase name="f" time="0.000" classname="testNGpack.Flag7invocation"/>
  <system-out>
    <![CDATA[gabgka]]>
  </system-out>
  <testcase name="f" time="0.000" classname="testNGpack.Flag7invocation"/>
  <system-out>
    <![CDATA[gabgka]]>
  </system-out>
  <testcase name="f" time="0.000" classname="testNGpack.Flag7invocation"/>
  <system-out>
    <![CDATA[gabgka]]>
  </system-out>
  <testcase name="f" time="0.000" classname="testNGpack.Flag7invocation"/>
  <system-out>
    <![CDATA[gabgka]]>
  </system-out>
  <testcase name="f" time="0.000" classname="testNGpack.Flag7invocation"/>
  <system-out>
    <![CDATA[gabgka]]>
  </system-out>
  <testcase name="f" time="0.000" classname="testNGpack.Flag7invocation"/>
  <system-out>
    <![CDATA[gabgka]]>
  </system-out>
  <testcase name="f" time="0.000" classname="testNGpack.Flag7invocation"/>
  <system-out>
    <![CDATA[gabgka]]>
  </system-out>
  <testcase name="f" time="0.000" classname="testNGpack.Flag7invocation"/>
  <system-out>
    <![CDATA[gabgka]]>
  </system-out>
  <testcase name="f" time="0.000" classname="testNGpack.Flag7invocation"/>
  <system-out>
    <![CDATA[gabgka]]>
  </system-out>
  <testcase name="f" time="0.000" classname="testNGpack.Flag7invocation"/>
  <system-out>
    <![CDATA[gabgka]]>
  </system-out>
  <testcase name="f" time="0.000" classname="testNGpack.Flag7invocation"/>
  <system-out>
    <![CDATA[gabgka]]>
  </system-out>
  <testcase name="f" time="0.000" classname="testNGpack.Flag7invocation"/>
  <system-out>
    <![CDATA[gabgka]]>
  </system-out>
  <testcase name="f" time="0.000" classname="testNGpack.Flag7invocation"/>
  <system-out>
    <![CDATA[gabgka]]>
  </system-out>
  <testcase name="f" time="0.000" classname="testNGpack.Flag7invocation"/>
  <system-out>
    <![CDATA[gabgka]]>
  </system-out>
  <testcase name="f" time="0.000" classname="testNGpack.Flag7invocation"/>
  <system-out>
    <![CDATA[gabgka]]>
  </system-out>
  <testcase name="f" time="0.000" classname="testNGpack.Flag7invocation"/>
  <system-out>
    <![CDATA[gabgka]]>
  </system-out>
  <testcase name="f" time="0.000" classname="testNGpack.Flag7invocation"/>
  <system-out>
    <![CDATA[gabgka]]>
  </system-out>
  <testcase name="f" time="0.000" classname="testNGpack.Flag7invocation"/>
  <system-out>
    <![CDATA[gabgka]]>
  </system-out>
  <testcase name="f" time="0.000" classname="testNGpack.Flag7invocation"/>
  <system-out>
    <![CDATA[gabgka]]>
  </system-out>
  <testcase name="f" time="0.000" classname="testNGpack.Flag7invocation"/>
  <system-out>
    <![CDATA[gabgka]]>
  </system-out>
  <testcase name="f" time="0.000" classname="testNGpack.Flag7invocation"/>
  <system-out>
    <![CDATA[gabgka]]>
  </system-out>
  <testcase name="f" time="0.000" classname="testNGpack.Flag7invocation"/>
  <system-out>
    <![CDATA[gabgka]]>
  </system-out>
  <testcase name="f" time="0.000" classname="testNGpack.Flag7invocation"/>
  <system-out>
    <![CDATA[gabgka]]>
  </system-out>
  <testcase name="f" time="0.000" classname="testNGpack.Flag7invocation"/>
  <system-out>
    <![CDATA[gabgka]]>
  </system-out>
  <testcase name="f" time="0.000" classname="testNGpack.Flag7invocation"/>
  <system-out>
    <![CDATA[gabgka]]>
  </system-out>
  <testcase name="f" time="0.000" classname="testNGpack.Flag7invocation"/>
  <system-out>
    <![CDATA[gabgka]]>
  </system-out>
  <testcase name="f" time="0.000" classname="testNGpack.Flag7invocation"/>
  <system-out>
    <![CDATA[gabgka]]>
  </system-out>
  <testcase name="f" time="0.000" classname="testNGpack.Flag7invocation"/>
  <system-out>
    <![CDATA[gabgka]]>
  </system-out>
  <testcase name="f" time="0.000" classname="testNGpack.Flag7invocation"/>
  <system-out>
    <![CDATA[gabgka]]>
  </system-out>
  <testcase name="f" time="0.000" classname="testNGpack.Flag7invocation"/>
  <system-out>
    <![CDATA[gabgka]]>
  </system-out>
  <testcase name="f" time="0.000" classname="testNGpack.Flag7invocation"/>
  <system-out>
    <![CDATA[gabgka]]>
  </system-out>
  <testcase name="f" time="0.000" classname="testNGpack.Flag7invocation"/>
  <system-out>
    <![CDATA[gabgka]]>
  </system-out>
  <testcase name="f" time="0.000" classname="testNGpack.Flag7invocation"/>
  <system-out>
    <![CDATA[gabgka]]>
  </system-out>
  <testcase name="f" time="0.000" classname="testNGpack.Flag7invocation"/>
  <system-out>
    <![CDATA[gabgka]]>
  </system-out>
  <testcase name="f" time="0.000" classname="testNGpack.Flag7invocation"/>
  <system-out>
    <![CDATA[gabgka]]>
  </system-out>
  <testcase name="f" time="0.000" classname="testNGpack.Flag7invocation"/>
  <system-out>
    <![CDATA[gabgka]]>
  </system-out>
  <testcase name="f" time="0.000" classname="testNGpack.Flag7invocation"/>
  <system-out>
    <![CDATA[gabgka]]>
  </system-out>
  <testcase name="f" time="0.000" classname="testNGpack.Flag7invocation"/>
  <system-out>
    <![CDATA[gabgka]]>
  </system-out>
  <testcase name="f" time="0.000" classname="testNGpack.Flag7invocation"/>
  <system-out>
    <![CDATA[gabgka]]>
  </system-out>
  <testcase name="f" time="0.000" classname="testNGpack.Flag7invocation"/>
  <system-out>
    <![CDATA[gabgka]]>
  </system-out>
  <testcase name="f" time="0.000" classname="testNGpack.Flag7invocation"/>
  <system-out>
    <![CDATA[gabgka]]>
  </system-out>
  <testcase name="f" time="0.000" classname="testNGpack.Flag7invocation"/>
  <system-out>
    <![CDATA[gabgka]]>
  </system-out>
  <testcase name="f" time="0.000" classname="testNGpack.Flag7invocation"/>
  <system-out>
    <![CDATA[gabgka]]>
  </system-out>
  <testcase name="f" time="0.000" classname="testNGpack.Flag7invocation"/>
  <system-out>
    <![CDATA[gabgka]]>
  </system-out>
  <testcase name="f" time="0.000" classname="testNGpack.Flag7invocation"/>
  <system-out>
    <![CDATA[gabgka]]>
  </system-out>
  <testcase name="f" time="0.000" classname="testNGpack.Flag7invocation"/>
  <system-out>
    <![CDATA[gabgka]]>
  </system-out>
  <testcase name="f" time="0.000" classname="testNGpack.Flag7invocation"/>
  <system-out>
    <![CDATA[gabgka]]>
  </system-out>
  <testcase name="f" time="0.000" classname="testNGpack.Flag7invocation"/>
  <system-out>
    <![CDATA[gabgka]]>
  </system-out>
  <testcase name="f" time="0.000" classname="testNGpack.Flag7invocation"/>
  <system-out>
    <![CDATA[gabgka]]>
  </system-out>
  <testcase name="f" time="0.000" classname="testNGpack.Flag7invocation"/>
  <system-out>
    <![CDATA[gabgka]]>
  </system-out>
  <testcase name="f" time="0.000" classname="testNGpack.Flag7invocation"/>
  <system-out>
    <![CDATA[gabgka]]>
  </system-out>
  <testcase name="f" time="0.000" classname="testNGpack.Flag7invocation"/>
  <system-out>
    <![CDATA[gabgka]]>
  </system-out>
  <testcase name="f" time="0.000" classname="testNGpack.Flag7invocation"/>
  <system-out>
    <![CDATA[gabgka]]>
  </system-out>
  <testcase name="f" time="0.000" classname="testNGpack.Flag7invocation"/>
  <system-out>
    <![CDATA[gabgka]]>
  </system-out>
  <testcase name="f" time="0.000" classname="testNGpack.Flag7invocation"/>
  <system-out>
    <![CDATA[gabgka]]>
  </system-out>
  <testcase name="f" time="0.000" classname="testNGpack.Flag7invocation"/>
  <system-out>
    <![CDATA[gabgka]]>
  </system-out>
  <testcase name="f" time="0.000" classname="testNGpack.Flag7invocation"/>
  <system-out>
    <![CDATA[gabgka]]>
  </system-out>
  <testcase name="f" time="0.000" classname="testNGpack.Flag7invocation"/>
  <system-out>
    <![CDATA[gabgka]]>
  </system-out>
  <testcase name="f" time="0.000" classname="testNGpack.Flag7invocation"/>
  <system-out>
    <![CDATA[gabgka]]>
  </system-out>
  <testcase name="f" time="0.000" classname="testNGpack.Flag7invocation"/>
  <system-out>
    <![CDATA[gabgka]]>
  </system-out>
  <testcase name="f" time="0.001" classname="testNGpack.Flag7invocation"/>
  <system-out>
    <![CDATA[gabgka]]>
  </system-out>
  <testcase name="f" time="0.000" classname="testNGpack.Flag7invocation"/>
  <system-out>
    <![CDATA[gabgka]]>
  </system-out>
  <testcase name="f" time="0.000" classname="testNGpack.Flag7invocation"/>
  <system-out>
    <![CDATA[gabgka]]>
  </system-out>
  <testcase name="f" time="0.000" classname="testNGpack.Flag7invocation"/>
  <system-out>
    <![CDATA[gabgka]]>
  </system-out>
  <testcase name="f" time="0.000" classname="testNGpack.Flag7invocation"/>
  <system-out>
    <![CDATA[gabgka]]>
  </system-out>
  <testcase name="f" time="0.000" classname="testNGpack.Flag7invocation"/>
  <system-out>
    <![CDATA[gabgka]]>
  </system-out>
  <testcase name="f" time="0.000" classname="testNGpack.Flag7invocation"/>
  <system-out>
    <![CDATA[gabgka]]>
  </system-out>
  <testcase name="f" time="0.000" classname="testNGpack.Flag7invocation"/>
  <system-out>
    <![CDATA[gabgka]]>
  </system-out>
  <testcase name="f" time="0.000" classname="testNGpack.Flag7invocation"/>
  <system-out>
    <![CDATA[gabgka]]>
  </system-out>
  <testcase name="f" time="0.000" classname="testNGpack.Flag7invocation"/>
  <system-out>
    <![CDATA[gabgka]]>
  </system-out>
  <testcase name="f" time="1.428" classname="testNGpack.Flag7invocation"/>
  <system-out>
    <![CDATA[gabgka]]>
  </system-out>
  <testcase name="f" time="0.000" classname="testNGpack.Flag7invocation"/>
  <system-out>
    <![CDATA[gabgka]]>
  </system-out>
  <testcase name="f" time="0.000" classname="testNGpack.Flag7invocation"/>
  <system-out>
    <![CDATA[gabgka]]>
  </system-out>
  <testcase name="f" time="0.000" classname="testNGpack.Flag7invocation"/>
  <system-out>
    <![CDATA[gabgka]]>
  </system-out>
  <testcase name="f" time="0.000" classname="testNGpack.Flag7invocation"/>
  <system-out>
    <![CDATA[gabgka]]>
  </system-out>
  <testcase name="f" time="0.000" classname="testNGpack.Flag7invocation"/>
  <system-out>
    <![CDATA[gabgka]]>
  </system-out>
  <testcase name="f" time="0.000" classname="testNGpack.Flag7invocation"/>
  <system-out>
    <![CDATA[gabgka]]>
  </system-out>
  <testcase name="f" time="0.000" classname="testNGpack.Flag7invocation"/>
  <system-out>
    <![CDATA[gabgka]]>
  </system-out>
  <testcase name="f" time="0.000" classname="testNGpack.Flag7invocation"/>
  <system-out>
    <![CDATA[gabgka]]>
  </system-out>
  <testcase name="f" time="0.000" classname="testNGpack.Flag7invocation"/>
  <system-out>
    <![CDATA[gabgka]]>
  </system-out>
  <testcase name="f" time="0.000" classname="testNGpack.Flag7invocation"/>
  <system-out>
    <![CDATA[gabgka]]>
  </system-out>
  <testcase name="f" time="0.000" classname="testNGpack.Flag7invocation"/>
  <system-out>
    <![CDATA[gabgka]]>
  </system-out>
  <testcase name="f" time="0.000" classname="testNGpack.Flag7invocation"/>
  <system-out>
    <![CDATA[gabgka]]>
  </system-out>
  <testcase name="f" time="0.000" classname="testNGpack.Flag7invocation"/>
  <system-out>
    <![CDATA[gabgka]]>
  </system-out>
  <testcase name="f" time="0.000" classname="testNGpack.Flag7invocation"/>
  <system-out>
    <![CDATA[gabgka]]>
  </system-out>
  <testcase name="f" time="0.000" classname="testNGpack.Flag7invocation"/>
  <system-out>
    <![CDATA[gabgka]]>
  </system-out>
  <testcase name="f" time="0.000" classname="testNGpack.Flag7invocation"/>
  <system-out>
    <![CDATA[gabgka]]>
  </system-out>
  <testcase name="f" time="0.000" classname="testNGpack.Flag7invocation"/>
  <system-out>
    <![CDATA[gabgka]]>
  </system-out>
  <testcase name="f" time="0.000" classname="testNGpack.Flag7invocation"/>
  <system-out>
    <![CDATA[gabgka]]>
  </system-out>
  <testcase name="f" time="0.000" classname="testNGpack.Flag7invocation"/>
  <system-out>
    <![CDATA[gabgka]]>
  </system-out>
  <testcase name="f" time="0.000" classname="testNGpack.Flag7invocation"/>
  <system-out>
    <![CDATA[gabgka]]>
  </system-out>
  <testcase name="f" time="0.000" classname="testNGpack.Flag7invocation"/>
  <system-out>
    <![CDATA[gabgka]]>
  </system-out>
  <testcase name="f" time="0.000" classname="testNGpack.Flag7invocation"/>
  <system-out>
    <![CDATA[gabgka]]>
  </system-out>
  <testcase name="f" time="0.000" classname="testNGpack.Flag7invocation"/>
  <system-out>
    <![CDATA[gabgka]]>
  </system-out>
  <testcase name="f" time="0.000" classname="testNGpack.Flag7invocation"/>
  <system-out>
    <![CDATA[gabgka]]>
  </system-out>
  <testcase name="f" time="0.000" classname="testNGpack.Flag7invocation"/>
  <system-out>
    <![CDATA[gabgka]]>
  </system-out>
  <testcase name="f" time="0.000" classname="testNGpack.Flag7invocation"/>
  <system-out>
    <![CDATA[gabgka]]>
  </system-out>
  <testcase name="f" time="0.000" classname="testNGpack.Flag7invocation"/>
  <system-out>
    <![CDATA[gabgka]]>
  </system-out>
  <testcase name="f" time="0.000" classname="testNGpack.Flag7invocation"/>
  <system-out>
    <![CDATA[gabgka]]>
  </system-out>
  <testcase name="f" time="0.000" classname="testNGpack.Flag7invocation"/>
  <system-out>
    <![CDATA[gabgka]]>
  </system-out>
  <testcase name="f" time="0.000" classname="testNGpack.Flag7invocation"/>
  <system-out>
    <![CDATA[gabgka]]>
  </system-out>
  <testcase name="f" time="0.000" classname="testNGpack.Flag7invocation"/>
  <system-out>
    <![CDATA[gabgka]]>
  </system-out>
  <testcase name="f" time="0.000" classname="testNGpack.Flag7invocation"/>
  <system-out>
    <![CDATA[gabgka]]>
  </system-out>
  <testcase name="f" time="0.000" classname="testNGpack.Flag7invocation"/>
  <system-out>
    <![CDATA[gabgka]]>
  </system-out>
  <testcase name="f" time="0.000" classname="testNGpack.Flag7invocation"/>
  <system-out>
    <![CDATA[gabgka]]>
  </system-out>
  <testcase name="f" time="0.000" classname="testNGpack.Flag7invocation"/>
  <system-out>
    <![CDATA[gabgka]]>
  </system-out>
  <testcase name="f" time="0.000" classname="testNGpack.Flag7invocation"/>
  <system-out>
    <![CDATA[gabgka]]>
  </system-out>
  <testcase name="f" time="0.000" classname="testNGpack.Flag7invocation"/>
  <system-out>
    <![CDATA[gabgka]]>
  </system-out>
  <testcase name="f" time="0.000" classname="testNGpack.Flag7invocation"/>
  <system-out>
    <![CDATA[gabgka]]>
  </system-out>
  <testcase name="f" time="0.000" classname="testNGpack.Flag7invocation"/>
  <system-out>
    <![CDATA[gabgka]]>
  </system-out>
  <testcase name="f" time="0.000" classname="testNGpack.Flag7invocation"/>
  <system-out>
    <![CDATA[gabgka]]>
  </system-out>
  <testcase name="f" time="0.000" classname="testNGpack.Flag7invocation"/>
  <system-out>
    <![CDATA[gabgka]]>
  </system-out>
  <testcase name="f" time="0.000" classname="testNGpack.Flag7invocation"/>
  <system-out>
    <![CDATA[gabgka]]>
  </system-out>
[...]
  <system-out>
    <![CDATA[gabgka]]>
  </system-out>
  <testcase name="f" time="0.000" classname="testNGpack.Flag7invocation"/>
  <system-out>
    <![CDATA[gabgka]]>
  </system-out>
  <testcase name="f" time="0.000" classname="testNGpack.Flag7invocation"/>
  <system-out>
    <![CDATA[gabgka]]>
  </system-out>
  <testcase name="f" time="0.000" classname="testNGpack.Flag7invocation"/>
  <system-out>
    <![CDATA[gabgka]]>
  </system-out>
  <testcase name="f" time="0.000" classname="testNGpack.Flag7invocation"/>
  <system-out>
    <![CDATA[gabgka]]>
  </system-out>
  <testcase name="f" time="0.000" classname="testNGpack.Flag7invocation"/>
  <system-out>
    <![CDATA[gabgka]]>
  </system-out>
  <testcase name="f" time="0.000" classname="testNGpack.Flag7invocation"/>
  <system-out>
    <![CDATA[gabgka]]>
  </system-out>
  <testcase name="f" time="0.000" classname="testNGpack.Flag7invocation"/>
  <system-out>
    <![CDATA[gabgka]]>
  </system-out>
  <testcase name="f" time="0.000" classname="testNGpack.Flag7invocation"/>
  <system-out>
    <![CDATA[gabgka]]>
  </system-out>
  <testcase name="f" time="0.000" classname="testNGpack.Flag7invocation"/>
  <system-out>
    <![CDATA[gabgka]]>
  </system-out>
  <testcase name="f" time="0.000" classname="testNGpack.Flag7invocation"/>
  <system-out>
    <![CDATA[gabgka]]>
  </system-out>
  <testcase name="f" time="0.000" classname="testNGpack.Flag7invocation"/>
  <system-out>
    <![CDATA[gabgka]]>
  </system-out>
  <testcase name="f" time="0.000" classname="testNGpack.Flag7invocation"/>
  <system-out>
    <![CDATA[gabgka]]>
  </system-out>
  <testcase name="f" time="0.000" classname="testNGpack.Flag7invocation"/>
  <system-out>
    <![CDATA[gabgka]]>
  </system-out>
  <testcase name="f" time="0.000" classname="testNGpack.Flag7invocation"/>
  <system-out>
    <![CDATA[gabgka]]>
  </system-out>
  <testcase name="f" time="0.000" classname="testNGpack.Flag7invocation"/>
  <system-out>
    <![CDATA[gabgka]]>
  </system-out>
  <testcase name="f" time="0.000" classname="testNGpack.Flag7invocation"/>
  <system-out>
    <![CDATA[gabgka]]>
  </system-out>
  <testcase name="f" time="0.000" classname="testNGpack.Flag7invocation"/>
  <system-out>
    <![CDATA[gabgka]]>
  </system-out>
  <testcase name="f" time="0.000" classname="testNGpack.Flag7invocation"/>
  <system-out>
    <![CDATA[gabgka]]>
  </system-out>
  <testcase name="f" time="0.000" classname="testNGpack.Flag7invocation"/>
  <system-out>
    <![CDATA[gabgka]]>
  </system-out>
  <testcase name="f" time="0.000" classname="testNGpack.Flag7invocation"/>
  <system-out>
    <![CDATA[gabgka]]>
  </system-out>
  <testcase name="f" time="0.000" classname="testNGpack.Flag7invocation"/>
  <system-out>
    <![CDATA[gabgka]]>
  </system-out>
  <testcase name="f" time="0.000" classname="testNGpack.Flag7invocation"/>
  <system-out>
    <![CDATA[gabgka]]>
  </system-out>
  <testcase name="f" time="0.000" classname="testNGpack.Flag7invocation"/>
  <system-out>
    <![CDATA[gabgka]]>
  </system-out>
  <testcase name="f" time="0.000" classname="testNGpack.Flag7invocation"/>
  <system-out>
    <![CDATA[gabgka]]>
  </system-out>
  <testcase name="f" time="0.000" classname="testNGpack.Flag7invocation"/>
  <system-out>
    <![CDATA[gabgka]]>
  </system-out>
  <testcase name="f" time="0.000" classname="testNGpack.Flag7invocation"/>
  <system-out>
    <![CDATA[gabgka]]>
  </system-out>
  <testcase name="f" time="0.000" classname="testNGpack.Flag7invocation"/>
  <system-out>
    <![CDATA[gabgka]]>
  </system-out>
  <testcase name="f" time="0.000" classname="testNGpack.Flag7invocation"/>
  <system-out>
    <![CDATA[gabgka]]>
  </system-out>
  <testcase name="f" time="0.000" classname="testNGpack.Flag7invocation"/>
  <system-out>
    <![CDATA[gabgka]]>
  </system-out>
  <testcase name="f" time="0.000" classname="testNGpack.Flag7invocation"/>
  <system-out>
    <![CDATA[gabgka]]>
  </system-out>
  <testcase name="f" time="0.000" classname="testNGpack.Flag7invocation"/>
  <system-out>
    <![CDATA[gabgka]]>
  </system-out>
  <testcase name="f" time="0.000" classname="testNGpack.Flag7invocation"/>
  <system-out>
    <![CDATA[gabgka]]>
  </system-out>
  <testcase name="f" time="0.000" classname="testNGpack.Flag7invocation"/>
  <system-out>
    <![CDATA[gabgka]]>
  </system-out>
  <testcase name="f" time="0.000" classname="testNGpack.Flag7invocation"/>
  <system-out>
    <![CDATA[gabgka]]>
  </system-out>
  <testcase name="f" time="0.000" classname="testNGpack.Flag7invocation"/>
  <system-out>
    <![CDATA[gabgka]]>
  </system-out>
  <testcase name="f" time="0.000" classname="testNGpack.Flag7invocation"/>
  <system-out>
    <![CDATA[gabgka]]>
  </system-out>
  <testcase name="f" time="0.000" classname="testNGpack.Flag7invocation"/>
  <system-out>
    <![CDATA[gabgka]]>
  </system-out>
  <testcase name="f" time="0.000" classname="testNGpack.Flag7invocation"/>
  <system-out>
    <![CDATA[gabgka]]>
  </system-out>
  <testcase name="f" time="0.000" classname="testNGpack.Flag7invocation"/>
  <system-out>
    <![CDATA[gabgka]]>
  </system-out>
  <testcase name="f" time="0.000" classname="testNGpack.Flag7invocation"/>
  <system-out>
    <![CDATA[gabgka]]>
  </system-out>
  <testcase name="f" time="0.000" classname="testNGpack.Flag7invocation"/>
  <system-out>
    <![CDATA[gabgka]]>
  </system-out>
  <testcase name="f" time="0.000" classname="testNGpack.Flag7invocation"/>
  <system-out>
    <![CDATA[gabgka]]>
  </system-out>
  <testcase name="f" time="0.000" classname="testNGpack.Flag7invocation"/>
  <system-out>
    <![CDATA[gabgka]]>
  </system-out>
  <testcase name="f" time="0.000" classname="testNGpack.Flag7invocation"/>
  <system-out>
    <![CDATA[gabgka]]>
  </system-out>
  <testcase name="f" time="0.000" classname="testNGpack.Flag7invocation"/>
  <system-out>
    <![CDATA[gabgka]]>
  </system-out>
  <testcase name="f" time="0.000" classname="testNGpack.Flag7invocation"/>
  <system-out>
    <![CDATA[gabgka]]>
  </system-out>
  <testcase name="f" time="0.000" classname="testNGpack.Flag7invocation"/>
  <system-out>
    <![CDATA[gabgka]]>
  </system-out>
  <testcase name="f" time="0.000" classname="testNGpack.Flag7invocation"/>
  <system-out>
    <![CDATA[gabgka]]>
  </system-out>
  <testcase name="f" time="0.000" classname="testNGpack.Flag7invocation"/>
  <system-out>
    <![CDATA[gabgka]]>
  </system-out>
  <testcase name="f" time="0.000" classname="testNGpack.Flag7invocation"/>
  <system-out>
    <![CDATA[gabgka]]>
  </system-out>
  <testcase name="f" time="0.000" classname="testNGpack.Flag7invocation"/>
  <system-out>
    <![CDATA[gabgka]]>
  </system-out>
  <testcase name="f" time="0.000" classname="testNGpack.Flag7invocation"/>
  <system-out>
    <![CDATA[gabgka]]>
  </system-out>
  <testcase name="f" time="0.000" classname="testNGpack.Flag7invocation"/>
  <system-out>
    <![CDATA[gabgka]]>
  </system-out>
  <testcase name="f" time="0.000" classname="testNGpack.Flag7invocation"/>
  <system-out>
    <![CDATA[gabgka]]>
  </system-out>
  <testcase name="f" time="0.000" classname="testNGpack.Flag7invocation"/>
  <system-out>
    <![CDATA[gabgka]]>
  </system-out>
  <testcase name="f" time="0.000" classname="testNGpack.Flag7invocation"/>
  <system-out>
    <![CDATA[gabgka]]>
  </system-out>
  <testcase name="f" time="0.000" classname="testNGpack.Flag7invocation"/>
  <system-out>
    <![CDATA[gabgka]]>
  </system-out>
  <testcase name="f" time="0.000" classname="testNGpack.Flag7invocation"/>
  <system-out>
    <![CDATA[gabgka]]>
  </system-out>
  <testcase name="f" time="0.000" classname="testNGpack.Flag7invocation"/>
  <system-out>
    <![CDATA[gabgka]]>
  </system-out>
  <testcase name="f" time="0.000" classname="testNGpack.Flag7invocation"/>
  <system-out>
    <![CDATA[gabgka]]>
  </system-out>
  <testcase name="f" time="0.000" classname="testNGpack.Flag7invocation"/>
  <system-out>
    <![CDATA[gabgka]]>
  </system-out>
  <testcase name="f" time="0.000" classname="testNGpack.Flag7invocation"/>
  <system-out>
    <![CDATA[gabgka]]>
  </system-out>
  <testcase name="f" time="0.000" classname="testNGpack.Flag7invocation"/>
  <system-out>
    <![CDATA[gabgka]]>
  </system-out>
  <testcase name="f" time="0.000" classname="testNGpack.Flag7invocation"/>
  <system-out>
    <![CDATA[gabgka]]>
  </system-out>
  <testcase name="f" time="0.000" classname="testNGpack.Flag7invocation"/>
  <system-out>
    <![CDATA[gabgka]]>
  </system-out>
  <testcase name="f" time="0.000" classname="testNGpack.Flag7invocation"/>
  <system-out>
    <![CDATA[gabgka]]>
  </system-out>
  <testcase name="f" time="0.000" classname="testNGpack.Flag7invocation"/>
  <system-out>
    <![CDATA[gabgka]]>
  </system-out>
  <testcase name="f" time="0.000" classname="testNGpack.Flag7invocation"/>
  <system-out>
    <![CDATA[gabgka]]>
  </system-out>
  <testcase name="f" time="0.000" classname="testNGpack.Flag7invocation"/>
  <system-out>
    <![CDATA[gabgka]]>
  </system-out>
  <testcase name="f" time="0.000" classname="testNGpack.Flag7invocation"/>
  <system-out>
    <![CDATA[gabgka]]>
  </system-out>
  <testcase name="f" time="0.000" classname="testNGpack.Flag7invocation"/>
  <system-out>
    <![CDATA[gabgka]]>
  </system-out>
  <testcase name="f" time="0.000" classname="testNGpack.Flag7invocation"/>
  <system-out>
    <![CDATA[gabgka]]>
  </system-out>
  <testcase name="f" time="0.000" classname="testNGpack.Flag7invocation"/>
  <system-out>
    <![CDATA[gabgka]]>
  </system-out>
  <testcase name="f" time="0.000" classname="testNGpack.Flag7invocation"/>
  <system-out>
    <![CDATA[gabgka]]>
  </system-out>
  <testcase name="f" time="0.000" classname="testNGpack.Flag7invocation"/>
  <system-out>
    <![CDATA[gabgka]]>
  </system-out>
  <testcase name="f" time="0.000" classname="testNGpack.Flag7invocation"/>
  <system-out>
    <![CDATA[gabgka]]>
  </system-out>
  <testcase name="f" time="0.000" classname="testNGpack.Flag7invocation"/>
  <system-out>
    <![CDATA[gabgka]]>
  </system-out>
  <testcase name="f" time="0.000" classname="testNGpack.Flag7invocation"/>
  <system-out>
    <![CDATA[gabgka]]>
  </system-out>
  <testcase name="f" time="0.000" classname="testNGpack.Flag7invocation"/>
  <system-out>
    <![CDATA[gabgka]]>
  </system-out>
  <testcase name="f" time="0.000" classname="testNGpack.Flag7invocation"/>
  <system-out>
    <![CDATA[gabgka]]>
  </system-out>
  <testcase name="f" time="0.000" classname="testNGpack.Flag7invocation"/>
  <system-out>
    <![CDATA[gabgka]]>
  </system-out>
  <testcase name="f" time="0.000" classname="testNGpack.Flag7invocation"/>
  <system-out>
    <![CDATA[gabgka]]>
  </system-out>
  <testcase name="f" time="0.000" classname="testNGpack.Flag7invocation"/>
  <system-out>
    <![CDATA[gabgka]]>
  </system-out>
  <testcase name="f" time="0.000" classname="testNGpack.Flag7invocation"/>
  <system-out>
    <![CDATA[gabgka]]>
  </system-out>
  <testcase name="f" time="0.001" classname="testNGpack.Flag7invocation"/>
  <system-out>
    <![CDATA[gabgka]]>
  </system-out>
  <testcase name="f" time="0.000" classname="testNGpack.Flag7invocation"/>
  <system-out>
    <![CDATA[gabgka]]>
  </system-out>
  <testcase name="f" time="0.000" classname="testNGpack.Flag7invocation"/>
  <system-out>
    <![CDATA[gabgka]]>
  </system-out>
  <testcase name="f" time="0.000" classname="testNGpack.Flag7invocation"/>
  <system-out>
    <![CDATA[gabgka]]>
  </system-out>
  <testcase name="f" time="0.000" classname="testNGpack.Flag7invocation"/>
  <system-out>
    <![CDATA[gabgka]]>
  </system-out>
  <testcase name="f" time="0.000" classname="testNGpack.Flag7invocation"/>
  <system-out>
    <![CDATA[gabgka]]>
  </system-out>
  <testcase name="f" time="0.000" classname="testNGpack.Flag7invocation"/>
  <system-out>
    <![CDATA[gabgka]]>
  </system-out>
  <testcase name="f" time="0.000" classname="testNGpack.Flag7invocation"/>
  <system-out>
    <![CDATA[gabgka]]>
  </system-out>
  <testcase name="f" time="0.000" classname="testNGpack.Flag7invocation"/>
  <system-out>
    <![CDATA[gabgka]]>
  </system-out>
  <testcase name="f" time="0.000" classname="testNGpack.Flag7invocation"/>
  <system-out>
    <![CDATA[gabgka]]>
  </system-out>
  <testcase name="f" time="0.000" classname="testNGpack.Flag7invocation"/>
  <system-out>
    <![CDATA[gabgka]]>
  </system-out>
  <testcase name="f" time="0.000" classname="testNGpack.Flag7invocation"/>
  <system-out>
    <![CDATA[gabgka]]>
  </system-out>
  <testcase name="f" time="0.000" classname="testNGpack.Flag7invocation"/>
  <system-out>
    <![CDATA[gabgka]]>
  </system-out>
  <testcase name="f" time="0.000" classname="testNGpack.Flag7invocation"/>
  <system-out>
    <![CDATA[gabgka]]>
  </system-out>
  <testcase name="f" time="0.000" classname="testNGpack.Flag7invocation"/>
  <system-out>
    <![CDATA[gabgka]]>
  </system-out>
  <testcase name="f" time="0.000" classname="testNGpack.Flag7invocation"/>
  <system-out>
    <![CDATA[gabgka]]>
  </system-out>
  <testcase name="f" time="0.000" classname="testNGpack.Flag7invocation"/>
  <system-out>
    <![CDATA[gabgka]]>
  </system-out>
  <testcase name="f" time="0.000" classname="testNGpack.Flag7invocation"/>
  <system-out>
    <![CDATA[gabgka]]>
  </system-out>
  <testcase name="f" time="0.000" classname="testNGpack.Flag7invocation"/>
  <system-out>
    <![CDATA[gabgka]]>
  </system-out>
  <testcase name="f" time="0.000" classname="testNGpack.Flag7invocation"/>
  <system-out>
    <![CDATA[gabgka]]>
  </system-out>
  <testcase name="f" time="0.000" classname="testNGpack.Flag7invocation"/>
  <system-out>
    <![CDATA[gabgka]]>
  </system-out>
  <testcase name="f" time="0.000" classname="testNGpack.Flag7invocation"/>
  <system-out>
    <![CDATA[gabgka]]>
  </system-out>
  <testcase name="f" time="0.000" classname="testNGpack.Flag7invocation"/>
  <system-out>
    <![CDATA[gabgka]]>
  </system-out>
  <testcase name="f" time="0.000" classname="testNGpack.Flag7invocation"/>
  <system-out>
    <![CDATA[gabgka]]>
  </system-out>
  <testcase name="f" time="0.000" classname="testNGpack.Flag7invocation"/>
  <system-out>
    <![CDATA[gabgka]]>
  </system-out>
  <testcase name="f" time="0.000" classname="testNGpack.Flag7invocation"/>
  <system-out>
    <![CDATA[gabgka]]>
  </system-out>
  <testcase name="f" time="0.000" classname="testNGpack.Flag7invocation"/>
  <system-out>
    <![CDATA[gabgka]]>
  </system-out>
  <testcase name="f" time="0.000" classname="testNGpack.Flag7invocation"/>
  <system-out>
    <![CDATA[gabgka]]>
  </system-out>
  <testcase name="f" time="0.009" classname="testNGpack.Flag7invocation"/>
  <system-out>
    <![CDATA[gabgka]]>
  </system-out>
  <testcase name="f" time="0.000" classname="testNGpack.Flag7invocation"/>
  <system-out>
    <![CDATA[gabgka]]>
  </system-out>
  <testcase name="f" time="0.000" classname="testNGpack.Flag7invocation"/>
  <system-out>
    <![CDATA[gabgka]]>
  </system-out>
  <testcase name="f" time="0.000" classname="testNGpack.Flag7invocation"/>
  <system-out>
    <![CDATA[gabgka]]>
  </system-out>
  <testcase name="f" time="0.000" classname="testNGpack.Flag7invocation"/>
  <system-out>
    <![CDATA[gabgka]]>
  </system-out>
  <testcase name="f" time="0.000" classname="testNGpack.Flag7invocation"/>
  <system-out>
    <![CDATA[gabgka]]>
  </system-out>
  <testcase name="f" time="0.001" classname="testNGpack.Flag7invocation"/>
  <system-out>
    <![CDATA[gabgka]]>
  </system-out>
  <testcase name="f" time="0.000" classname="testNGpack.Flag7invocation"/>
  <system-out>
    <![CDATA[gabgka]]>
  </system-out>
  <testcase name="f" time="0.000" classname="testNGpack.Flag7invocation"/>
  <system-out>
    <![CDATA[gabgka]]>
  </system-out>
  <testcase name="f" time="0.016" classname="testNGpack.Flag7invocation"/>
  <system-out>
    <![CDATA[gabgka]]>
  </system-out>
  <testcase name="f" time="0.001" classname="testNGpack.Flag7invocation"/>
  <system-out>
    <![CDATA[gabgka]]>
  </system-out>
  <testcase name="f" time="0.000" classname="testNGpack.Flag7invocation"/>
  <system-out>
    <![CDATA[gabgka]]>
  </system-out>
  <testcase name="f" time="0.000" classname="testNGpack.Flag7invocation"/>
  <system-out>
    <![CDATA[gabgka]]>
  </system-out>
  <testcase name="f" time="0.000" classname="testNGpack.Flag7invocation"/>
  <system-out>
    <![CDATA[gabgka]]>
  </system-out>
  <testcase name="f" time="0.000" classname="testNGpack.Flag7invocation"/>
  <system-out>
    <![CDATA[gabgka]]>
  </system-out>
  <testcase name="f" time="0.000" classname="testNGpack.Flag7invocation"/>
  <system-out>
    <![CDATA[gabgka]]>
  </system-out>
  <testcase name="f" time="0.000" classname="testNGpack.Flag7invocation"/>
  <system-out>
    <![CDATA[gabgka]]>
  </system-out>
  <testcase name="f" time="0.000" classname="testNGpack.Flag7invocation"/>
  <system-out>
    <![CDATA[gabgka]]>
  </system-out>
  <testcase name="f" time="0.000" classname="testNGpack.Flag7invocation"/>
  <system-out>
    <![CDATA[gabgka]]>
  </system-out>
  <testcase name="f" time="0.000" classname="testNGpack.Flag7invocation"/>
  <system-out>
    <![CDATA[gabgka]]>
  </system-out>
  <testcase name="f" time="0.000" classname="testNGpack.Flag7invocation"/>
  <system-out>
    <![CDATA[gabgka]]>
  </system-out>
  <testcase name="f" time="0.000" classname="testNGpack.Flag7invocation"/>
  <system-out>
    <![CDATA[gabgka]]>
  </system-out>
  <testcase name="f" time="0.000" classname="testNGpack.Flag7invocation"/>
  <system-out>
    <![CDATA[gabgka]]>
  </system-out>
  <testcase name="f" time="0.000" classname="testNGpack.Flag7invocation"/>
  <system-out>
    <![CDATA[gabgka]]>
  </system-out>
  <testcase name="f" time="0.000" classname="testNGpack.Flag7invocation"/>
  <system-out>
    <![CDATA[gabgka]]>
  </system-out>
  <testcase name="f" time="0.000" classname="testNGpack.Flag7invocation"/>
  <system-out>
    <![CDATA[gabgka]]>
  </system-out>
  <testcase name="f" time="0.003" classname="testNGpack.Flag7invocation"/>
  <system-out>
    <![CDATA[gabgka]]>
  </system-out>
  <testcase name="f" time="0.000" classname="testNGpack.Flag7invocation"/>
  <system-out>
    <![CDATA[gabgka]]>
  </system-out>
  <testcase name="f" time="0.000" classname="testNGpack.Flag7invocation"/>
  <system-out>
    <![CDATA[gabgka]]>
  </system-out>
  <testcase name="f" time="0.000" classname="testNGpack.Flag7invocation"/>
  <system-out>
    <![CDATA[gabgka]]>
  </system-out>
  <testcase name="f" time="0.000" classname="testNGpack.Flag7invocation"/>
  <system-out>
    <![CDATA[gabgka]]>
  </system-out>
  <testcase name="f" time="0.000" classname="testNGpack.Flag7invocation"/>
  <system-out>
    <![CDATA[gabgka]]>
  </system-out>
  <testcase name="f" time="0.000" classname="testNGpack.Flag7invocation"/>
  <system-out>
    <![CDATA[gabgka]]>
  </system-out>
  <testcase name="f" time="0.000" classname="testNGpack.Flag7invocation"/>
  <system-out>
    <![CDATA[gabgka]]>
  </system-out>
  <testcase name="f" time="0.000" classname="testNGpack.Flag7invocation"/>
  <system-out>
    <![CDATA[gabgka]]>
  </system-out>
  <testcase name="f" time="0.000" classname="testNGpack.Flag7invocation"/>
  <system-out>
    <![CDATA[gabgka]]>
  </system-out>
  <testcase name="f" time="0.000" classname="testNGpack.Flag7invocation"/>
  <system-out>
    <![CDATA[gabgka]]>
  </system-out>
  <testcase name="f" time="0.000" classname="testNGpack.Flag7invocation"/>
  <system-out>
    <![CDATA[gabgka]]>
  </system-out>
  <testcase name="f" time="0.000" classname="testNGpack.Flag7invocation"/>
  <system-out>
    <![CDATA[gabgka]]>
  </system-out>
  <testcase name="f" time="0.000" classname="testNGpack.Flag7invocation"/>
  <system-out>
    <![CDATA[gabgka]]>
  </system-out>
  <testcase name="f" time="0.000" classname="testNGpack.Flag7invocation"/>
  <system-out>
    <![CDATA[gabgka]]>
  </system-out>
  <testcase name="f" time="0.000" classname="testNGpack.Flag7invocation"/>
  <system-out>
    <![CDATA[gabgka]]>
  </system-out>
</testsuite> <!-- testNGpack.Flag7invocation -->
